{"C:\\Users\\Admin\\Desktop\\Teach2Give Assignments\\Final Cohort Project\\ET-VB-MS-Backend\\src\\index.ts": {"path":"C:\\Users\\Admin\\Desktop\\Teach2Give Assignments\\Final Cohort Project\\ET-VB-MS-Backend\\src\\index.ts","statementMap":{"0":{"start":{"line":1,"column":0},"end":{"line":1,"column":30}},"1":{"start":{"line":2,"column":0},"end":{"line":2,"column":38}},"2":{"start":{"line":3,"column":0},"end":{"line":3,"column":41}},"3":{"start":{"line":4,"column":0},"end":{"line":4,"column":41}},"4":{"start":{"line":5,"column":0},"end":{"line":5,"column":47}},"5":{"start":{"line":6,"column":0},"end":{"line":6,"column":47}},"6":{"start":{"line":7,"column":0},"end":{"line":7,"column":47}},"7":{"start":{"line":9,"column":12},"end":{"line":9,"column":21}},"8":{"start":{"line":12,"column":0},"end":{"line":12,"column":null}},"9":{"start":{"line":15,"column":0},"end":{"line":15,"column":10}},"10":{"start":{"line":16,"column":0},"end":{"line":16,"column":11}},"11":{"start":{"line":17,"column":0},"end":{"line":17,"column":11}},"12":{"start":{"line":18,"column":0},"end":{"line":18,"column":13}},"13":{"start":{"line":19,"column":0},"end":{"line":19,"column":13}},"14":{"start":{"line":20,"column":0},"end":{"line":20,"column":13}},"15":{"start":{"line":22,"column":0},"end":{"line":24,"column":3}},"16":{"start":{"line":23,"column":2},"end":{"line":23,"column":28}},"17":{"start":{"line":26,"column":0},"end":{"line":28,"column":3}},"18":{"start":{"line":27,"column":2},"end":{"line":27,"column":60}},"19":{"start":{"line":30,"column":0},"end":{"line":30,"column":19}}},"fnMap":{"0":{"name":"(anonymous_1)","decl":{"start":{"line":22,"column":13},"end":{"line":22,"column":14}},"loc":{"start":{"line":22,"column":26},"end":{"line":24,"column":1}}},"1":{"name":"(anonymous_2)","decl":{"start":{"line":26,"column":17},"end":{"line":26,"column":20}},"loc":{"start":{"line":26,"column":22},"end":{"line":28,"column":1}}}},"branchMap":{},"s":{"0":6,"1":6,"2":6,"3":6,"4":6,"5":6,"6":6,"7":6,"8":6,"9":6,"10":6,"11":6,"12":6,"13":6,"14":6,"15":6,"16":0,"17":6,"18":6,"19":6},"f":{"0":0,"1":6},"b":{}}
,"C:\\Users\\Admin\\Desktop\\Teach2Give Assignments\\Final Cohort Project\\ET-VB-MS-Backend\\src\\Auth\\auth.controller.ts": {"path":"C:\\Users\\Admin\\Desktop\\Teach2Give Assignments\\Final Cohort Project\\ET-VB-MS-Backend\\src\\Auth\\auth.controller.ts","statementMap":{"0":{"start":{"line":3,"column":0},"end":{"line":3,"column":197}},"1":{"start":{"line":4,"column":0},"end":{"line":4,"column":29}},"2":{"start":{"line":5,"column":0},"end":{"line":5,"column":44}},"3":{"start":{"line":6,"column":0},"end":{"line":6,"column":22}},"4":{"start":{"line":7,"column":0},"end":{"line":7,"column":30}},"5":{"start":{"line":11,"column":36},"end":{"line":44,"column":1}},"6":{"start":{"line":12,"column":4},"end":{"line":43,"column":5}},"7":{"start":{"line":13,"column":21},"end":{"line":13,"column":29}},"8":{"start":{"line":14,"column":25},"end":{"line":14,"column":38}},"9":{"start":{"line":15,"column":31},"end":{"line":15,"column":66}},"10":{"start":{"line":16,"column":8},"end":{"line":16,"column":39}},"11":{"start":{"line":19,"column":33},"end":{"line":19,"column":87}},"12":{"start":{"line":20,"column":8},"end":{"line":20,"column":49}},"13":{"start":{"line":21,"column":8},"end":{"line":21,"column":32}},"14":{"start":{"line":23,"column":27},"end":{"line":23,"column":56}},"15":{"start":{"line":24,"column":8},"end":{"line":24,"column":74}},"16":{"start":{"line":24,"column":25},"end":{"line":24,"column":74}},"17":{"start":{"line":26,"column":8},"end":{"line":38,"column":9}},"18":{"start":{"line":27,"column":12},"end":{"line":36,"column":14}},"19":{"start":{"line":37,"column":12},"end":{"line":37,"column":76}},"20":{"start":{"line":39,"column":8},"end":{"line":39,"column":null}},"21":{"start":{"line":42,"column":8},"end":{"line":42,"column":null}},"22":{"start":{"line":11,"column":13},"end":{"line":11,"column":36}},"23":{"start":{"line":48,"column":36},"end":{"line":81,"column":1}},"24":{"start":{"line":49,"column":28},"end":{"line":49,"column":36}},"25":{"start":{"line":50,"column":4},"end":{"line":80,"column":5}},"26":{"start":{"line":51,"column":21},"end":{"line":51,"column":55}},"27":{"start":{"line":52,"column":8},"end":{"line":54,"column":9}},"28":{"start":{"line":53,"column":12},"end":{"line":53,"column":71}},"29":{"start":{"line":56,"column":8},"end":{"line":77,"column":9}},"30":{"start":{"line":57,"column":12},"end":{"line":57,"column":43}},"31":{"start":{"line":60,"column":12},"end":{"line":73,"column":13}},"32":{"start":{"line":61,"column":16},"end":{"line":70,"column":18}},"33":{"start":{"line":72,"column":16},"end":{"line":72,"column":83}},"34":{"start":{"line":74,"column":12},"end":{"line":74,"column":83}},"35":{"start":{"line":76,"column":12},"end":{"line":76,"column":82}},"36":{"start":{"line":79,"column":6},"end":{"line":79,"column":60}},"37":{"start":{"line":48,"column":13},"end":{"line":48,"column":36}},"38":{"start":{"line":85,"column":35},"end":{"line":137,"column":1}},"39":{"start":{"line":86,"column":4},"end":{"line":136,"column":5}},"40":{"start":{"line":87,"column":21},"end":{"line":87,"column":29}},"41":{"start":{"line":90,"column":26},"end":{"line":90,"column":54}},"42":{"start":{"line":91,"column":8},"end":{"line":93,"column":9}},"43":{"start":{"line":92,"column":12},"end":{"line":92,"column":71}},"44":{"start":{"line":94,"column":8},"end":{"line":96,"column":9}},"45":{"start":{"line":95,"column":12},"end":{"line":95,"column":104}},"46":{"start":{"line":99,"column":26},"end":{"line":99,"column":85}},"47":{"start":{"line":100,"column":8},"end":{"line":102,"column":9}},"48":{"start":{"line":101,"column":12},"end":{"line":101,"column":76}},"49":{"start":{"line":105,"column":24},"end":{"line":112,"column":null}},"50":{"start":{"line":115,"column":23},"end":{"line":115,"column":55}},"51":{"start":{"line":116,"column":8},"end":{"line":118,"column":9}},"52":{"start":{"line":117,"column":12},"end":{"line":117,"column":86}},"53":{"start":{"line":119,"column":22},"end":{"line":119,"column":47}},"54":{"start":{"line":122,"column":8},"end":{"line":132,"column":null}},"55":{"start":{"line":134,"column":8},"end":{"line":134,"column":62}},"56":{"start":{"line":85,"column":13},"end":{"line":85,"column":35}},"57":{"start":{"line":141,"column":37},"end":{"line":151,"column":1}},"58":{"start":{"line":142,"column":4},"end":{"line":150,"column":5}},"59":{"start":{"line":143,"column":22},"end":{"line":143,"column":48}},"60":{"start":{"line":144,"column":8},"end":{"line":146,"column":9}},"61":{"start":{"line":145,"column":12},"end":{"line":145,"column":71}},"62":{"start":{"line":147,"column":8},"end":{"line":147,"column":88}},"63":{"start":{"line":149,"column":8},"end":{"line":149,"column":96}},"64":{"start":{"line":141,"column":13},"end":{"line":141,"column":37}},"65":{"start":{"line":155,"column":37},"end":{"line":166,"column":1}},"66":{"start":{"line":156,"column":4},"end":{"line":165,"column":5}},"67":{"start":{"line":157,"column":27},"end":{"line":157,"column":37}},"68":{"start":{"line":158,"column":21},"end":{"line":158,"column":61}},"69":{"start":{"line":159,"column":8},"end":{"line":161,"column":9}},"70":{"start":{"line":160,"column":12},"end":{"line":160,"column":71}},"71":{"start":{"line":162,"column":8},"end":{"line":162,"column":86}},"72":{"start":{"line":164,"column":8},"end":{"line":164,"column":96}},"73":{"start":{"line":155,"column":13},"end":{"line":155,"column":37}},"74":{"start":{"line":170,"column":40},"end":{"line":186,"column":1}},"75":{"start":{"line":171,"column":4},"end":{"line":185,"column":5}},"76":{"start":{"line":172,"column":27},"end":{"line":172,"column":35}},"77":{"start":{"line":173,"column":25},"end":{"line":173,"column":33}},"78":{"start":{"line":175,"column":21},"end":{"line":175,"column":53}},"79":{"start":{"line":176,"column":8},"end":{"line":178,"column":9}},"80":{"start":{"line":177,"column":12},"end":{"line":177,"column":71}},"81":{"start":{"line":181,"column":28},"end":{"line":181,"column":75}},"82":{"start":{"line":182,"column":8},"end":{"line":182,"column":91}},"83":{"start":{"line":184,"column":8},"end":{"line":184,"column":96}},"84":{"start":{"line":170,"column":13},"end":{"line":170,"column":40}},"85":{"start":{"line":190,"column":40},"end":{"line":202,"column":1}},"86":{"start":{"line":191,"column":4},"end":{"line":201,"column":5}},"87":{"start":{"line":192,"column":27},"end":{"line":192,"column":37}},"88":{"start":{"line":193,"column":21},"end":{"line":193,"column":62}},"89":{"start":{"line":194,"column":8},"end":{"line":196,"column":9}},"90":{"start":{"line":195,"column":12},"end":{"line":195,"column":71}},"91":{"start":{"line":197,"column":8},"end":{"line":197,"column":44}},"92":{"start":{"line":198,"column":8},"end":{"line":198,"column":78}},"93":{"start":{"line":200,"column":8},"end":{"line":200,"column":96}},"94":{"start":{"line":190,"column":13},"end":{"line":190,"column":40}}},"fnMap":{"0":{"name":"(anonymous_1)","decl":{"start":{"line":11,"column":36},"end":{"line":11,"column":41}},"loc":{"start":{"line":11,"column":74},"end":{"line":44,"column":1}}},"1":{"name":"(anonymous_2)","decl":{"start":{"line":48,"column":36},"end":{"line":48,"column":41}},"loc":{"start":{"line":48,"column":74},"end":{"line":81,"column":1}}},"2":{"name":"(anonymous_3)","decl":{"start":{"line":85,"column":35},"end":{"line":85,"column":40}},"loc":{"start":{"line":85,"column":73},"end":{"line":137,"column":1}}},"3":{"name":"(anonymous_4)","decl":{"start":{"line":141,"column":37},"end":{"line":141,"column":42}},"loc":{"start":{"line":141,"column":75},"end":{"line":151,"column":1}}},"4":{"name":"(anonymous_5)","decl":{"start":{"line":155,"column":37},"end":{"line":155,"column":42}},"loc":{"start":{"line":155,"column":75},"end":{"line":166,"column":1}}},"5":{"name":"(anonymous_6)","decl":{"start":{"line":170,"column":40},"end":{"line":170,"column":45}},"loc":{"start":{"line":170,"column":78},"end":{"line":186,"column":1}}},"6":{"name":"(anonymous_7)","decl":{"start":{"line":190,"column":40},"end":{"line":190,"column":45}},"loc":{"start":{"line":190,"column":78},"end":{"line":202,"column":1}}}},"branchMap":{"0":{"loc":{"start":{"line":24,"column":8},"end":{"line":24,"column":74}},"type":"if","locations":[{"start":{"line":24,"column":8},"end":{"line":24,"column":74}},{"start":{},"end":{}}]},"1":{"loc":{"start":{"line":52,"column":8},"end":{"line":54,"column":9}},"type":"if","locations":[{"start":{"line":52,"column":8},"end":{"line":54,"column":9}},{"start":{},"end":{}}]},"2":{"loc":{"start":{"line":56,"column":8},"end":{"line":77,"column":9}},"type":"if","locations":[{"start":{"line":56,"column":8},"end":{"line":77,"column":9}},{"start":{"line":75,"column":15},"end":{"line":77,"column":9}}]},"3":{"loc":{"start":{"line":91,"column":8},"end":{"line":93,"column":9}},"type":"if","locations":[{"start":{"line":91,"column":8},"end":{"line":93,"column":9}},{"start":{},"end":{}}]},"4":{"loc":{"start":{"line":94,"column":8},"end":{"line":96,"column":9}},"type":"if","locations":[{"start":{"line":94,"column":8},"end":{"line":96,"column":9}},{"start":{},"end":{}}]},"5":{"loc":{"start":{"line":100,"column":8},"end":{"line":102,"column":9}},"type":"if","locations":[{"start":{"line":100,"column":8},"end":{"line":102,"column":9}},{"start":{},"end":{}}]},"6":{"loc":{"start":{"line":116,"column":8},"end":{"line":118,"column":9}},"type":"if","locations":[{"start":{"line":116,"column":8},"end":{"line":118,"column":9}},{"start":{},"end":{}}]},"7":{"loc":{"start":{"line":144,"column":8},"end":{"line":146,"column":9}},"type":"if","locations":[{"start":{"line":144,"column":8},"end":{"line":146,"column":9}},{"start":{},"end":{}}]},"8":{"loc":{"start":{"line":159,"column":8},"end":{"line":161,"column":9}},"type":"if","locations":[{"start":{"line":159,"column":8},"end":{"line":161,"column":9}},{"start":{},"end":{}}]},"9":{"loc":{"start":{"line":176,"column":8},"end":{"line":178,"column":9}},"type":"if","locations":[{"start":{"line":176,"column":8},"end":{"line":178,"column":9}},{"start":{},"end":{}}]},"10":{"loc":{"start":{"line":194,"column":8},"end":{"line":196,"column":9}},"type":"if","locations":[{"start":{"line":194,"column":8},"end":{"line":196,"column":9}},{"start":{},"end":{}}]}},"s":{"0":6,"1":6,"2":6,"3":6,"4":6,"5":6,"6":1,"7":1,"8":1,"9":1,"10":1,"11":1,"12":1,"13":1,"14":1,"15":1,"16":0,"17":1,"18":1,"19":0,"20":1,"21":0,"22":6,"23":6,"24":1,"25":1,"26":1,"27":1,"28":0,"29":1,"30":1,"31":1,"32":1,"33":0,"34":1,"35":0,"36":0,"37":6,"38":6,"39":4,"40":4,"41":4,"42":4,"43":0,"44":4,"45":0,"46":4,"47":4,"48":0,"49":4,"50":4,"51":4,"52":0,"53":4,"54":4,"55":0,"56":6,"57":6,"58":1,"59":1,"60":1,"61":0,"62":1,"63":0,"64":6,"65":6,"66":1,"67":1,"68":1,"69":1,"70":0,"71":1,"72":0,"73":6,"74":6,"75":1,"76":1,"77":1,"78":1,"79":1,"80":0,"81":1,"82":1,"83":0,"84":6,"85":6,"86":1,"87":1,"88":1,"89":1,"90":0,"91":1,"92":1,"93":0,"94":6},"f":{"0":1,"1":1,"2":4,"3":1,"4":1,"5":1,"6":1},"b":{"0":[0,1],"1":[0,1],"2":[1,0],"3":[0,4],"4":[0,4],"5":[0,4],"6":[0,4],"7":[0,1],"8":[0,1],"9":[0,1],"10":[0,1]}}
,"C:\\Users\\Admin\\Desktop\\Teach2Give Assignments\\Final Cohort Project\\ET-VB-MS-Backend\\src\\Auth\\auth.router.ts": {"path":"C:\\Users\\Admin\\Desktop\\Teach2Give Assignments\\Final Cohort Project\\ET-VB-MS-Backend\\src\\Auth\\auth.router.ts","statementMap":{"0":{"start":{"line":3,"column":0},"end":{"line":3,"column":198}},"1":{"start":{"line":5,"column":13},"end":{"line":82,"column":1}},"2":{"start":{"line":7,"column":4},"end":{"line":16,"column":null}},"3":{"start":{"line":9,"column":12},"end":{"line":13,"column":13}},"4":{"start":{"line":10,"column":16},"end":{"line":10,"column":null}},"5":{"start":{"line":12,"column":16},"end":{"line":12,"column":null}},"6":{"start":{"line":19,"column":4},"end":{"line":27,"column":null}},"7":{"start":{"line":21,"column":12},"end":{"line":25,"column":13}},"8":{"start":{"line":22,"column":16},"end":{"line":22,"column":null}},"9":{"start":{"line":24,"column":16},"end":{"line":24,"column":null}},"10":{"start":{"line":30,"column":4},"end":{"line":39,"column":null}},"11":{"start":{"line":32,"column":12},"end":{"line":36,"column":13}},"12":{"start":{"line":33,"column":16},"end":{"line":33,"column":null}},"13":{"start":{"line":35,"column":16},"end":{"line":35,"column":null}},"14":{"start":{"line":41,"column":4},"end":{"line":49,"column":null}},"15":{"start":{"line":43,"column":12},"end":{"line":47,"column":13}},"16":{"start":{"line":44,"column":16},"end":{"line":44,"column":null}},"17":{"start":{"line":46,"column":16},"end":{"line":46,"column":null}},"18":{"start":{"line":52,"column":4},"end":{"line":60,"column":null}},"19":{"start":{"line":54,"column":12},"end":{"line":58,"column":13}},"20":{"start":{"line":55,"column":16},"end":{"line":55,"column":null}},"21":{"start":{"line":57,"column":16},"end":{"line":57,"column":null}},"22":{"start":{"line":63,"column":4},"end":{"line":71,"column":null}},"23":{"start":{"line":65,"column":12},"end":{"line":69,"column":13}},"24":{"start":{"line":66,"column":16},"end":{"line":66,"column":null}},"25":{"start":{"line":68,"column":16},"end":{"line":68,"column":null}},"26":{"start":{"line":73,"column":4},"end":{"line":81,"column":null}},"27":{"start":{"line":75,"column":12},"end":{"line":79,"column":13}},"28":{"start":{"line":76,"column":16},"end":{"line":76,"column":null}},"29":{"start":{"line":78,"column":16},"end":{"line":78,"column":null}},"30":{"start":{"line":84,"column":0},"end":{"line":84,"column":20}}},"fnMap":{"0":{"name":"(anonymous_0)","decl":{"start":{"line":5,"column":13},"end":{"line":5,"column":14}},"loc":{"start":{"line":5,"column":30},"end":{"line":82,"column":1}}},"1":{"name":"(anonymous_1)","decl":{"start":{"line":8,"column":8},"end":{"line":8,"column":13}},"loc":{"start":{"line":8,"column":33},"end":{"line":15,"column":9}}},"2":{"name":"(anonymous_2)","decl":{"start":{"line":20,"column":8},"end":{"line":20,"column":13}},"loc":{"start":{"line":20,"column":33},"end":{"line":26,"column":9}}},"3":{"name":"(anonymous_3)","decl":{"start":{"line":31,"column":8},"end":{"line":31,"column":13}},"loc":{"start":{"line":31,"column":33},"end":{"line":37,"column":9}}},"4":{"name":"(anonymous_4)","decl":{"start":{"line":42,"column":8},"end":{"line":42,"column":13}},"loc":{"start":{"line":42,"column":33},"end":{"line":48,"column":9}}},"5":{"name":"(anonymous_5)","decl":{"start":{"line":53,"column":8},"end":{"line":53,"column":13}},"loc":{"start":{"line":53,"column":33},"end":{"line":59,"column":9}}},"6":{"name":"(anonymous_6)","decl":{"start":{"line":64,"column":8},"end":{"line":64,"column":13}},"loc":{"start":{"line":64,"column":33},"end":{"line":70,"column":9}}},"7":{"name":"(anonymous_7)","decl":{"start":{"line":74,"column":8},"end":{"line":74,"column":13}},"loc":{"start":{"line":74,"column":33},"end":{"line":80,"column":9}}}},"branchMap":{},"s":{"0":6,"1":6,"2":6,"3":1,"4":1,"5":0,"6":6,"7":1,"8":1,"9":0,"10":6,"11":4,"12":4,"13":0,"14":6,"15":1,"16":1,"17":0,"18":6,"19":1,"20":1,"21":0,"22":6,"23":1,"24":1,"25":0,"26":6,"27":1,"28":1,"29":0,"30":6},"f":{"0":6,"1":1,"2":1,"3":4,"4":1,"5":1,"6":1,"7":1},"b":{}}
,"C:\\Users\\Admin\\Desktop\\Teach2Give Assignments\\Final Cohort Project\\ET-VB-MS-Backend\\src\\Auth\\auth.service.ts": {"path":"C:\\Users\\Admin\\Desktop\\Teach2Give Assignments\\Final Cohort Project\\ET-VB-MS-Backend\\src\\Auth\\auth.service.ts","statementMap":{"0":{"start":{"line":2,"column":0},"end":{"line":2,"column":34}},"1":{"start":{"line":3,"column":0},"end":{"line":3,"column":31}},"2":{"start":{"line":4,"column":0},"end":{"line":4,"column":54}},"3":{"start":{"line":7,"column":33},"end":{"line":10,"column":1}},"4":{"start":{"line":8,"column":4},"end":{"line":8,"column":44}},"5":{"start":{"line":9,"column":4},"end":{"line":9,"column":39}},"6":{"start":{"line":7,"column":13},"end":{"line":7,"column":33}},"7":{"start":{"line":13,"column":37},"end":{"line":17,"column":1}},"8":{"start":{"line":14,"column":4},"end":{"line":16,"column":7}},"9":{"start":{"line":13,"column":13},"end":{"line":13,"column":37}},"10":{"start":{"line":20,"column":33},"end":{"line":24,"column":1}},"11":{"start":{"line":21,"column":4},"end":{"line":23,"column":51}},"12":{"start":{"line":20,"column":13},"end":{"line":20,"column":33}},"13":{"start":{"line":27,"column":32},"end":{"line":43,"column":1}},"14":{"start":{"line":29,"column":20},"end":{"line":29,"column":24}},"15":{"start":{"line":31,"column":4},"end":{"line":42,"column":11}},"16":{"start":{"line":27,"column":13},"end":{"line":27,"column":32}},"17":{"start":{"line":46,"column":34},"end":{"line":59,"column":1}},"18":{"start":{"line":47,"column":18},"end":{"line":57,"column":6}},"19":{"start":{"line":58,"column":4},"end":{"line":58,"column":17}},"20":{"start":{"line":46,"column":13},"end":{"line":46,"column":34}},"21":{"start":{"line":62,"column":34},"end":{"line":67,"column":1}},"22":{"start":{"line":63,"column":17},"end":{"line":65,"column":6}},"23":{"start":{"line":66,"column":4},"end":{"line":66,"column":16}},"24":{"start":{"line":62,"column":13},"end":{"line":62,"column":34}},"25":{"start":{"line":70,"column":37},"end":{"line":79,"column":1}},"26":{"start":{"line":71,"column":4},"end":{"line":71,"column":50}},"27":{"start":{"line":72,"column":24},"end":{"line":75,"column":20}},"28":{"start":{"line":77,"column":4},"end":{"line":77,"column":46}},"29":{"start":{"line":78,"column":4},"end":{"line":78,"column":26}},"30":{"start":{"line":70,"column":13},"end":{"line":70,"column":37}},"31":{"start":{"line":82,"column":37},"end":{"line":86,"column":1}},"32":{"start":{"line":83,"column":24},"end":{"line":84,"column":52}},"33":{"start":{"line":85,"column":4},"end":{"line":85,"column":23}},"34":{"start":{"line":82,"column":13},"end":{"line":82,"column":37}}},"fnMap":{"0":{"name":"(anonymous_1)","decl":{"start":{"line":7,"column":33},"end":{"line":7,"column":38}},"loc":{"start":{"line":7,"column":56},"end":{"line":10,"column":1}}},"1":{"name":"(anonymous_2)","decl":{"start":{"line":13,"column":37},"end":{"line":13,"column":42}},"loc":{"start":{"line":13,"column":61},"end":{"line":17,"column":1}}},"2":{"name":"(anonymous_3)","decl":{"start":{"line":20,"column":33},"end":{"line":20,"column":38}},"loc":{"start":{"line":20,"column":57},"end":{"line":24,"column":1}}},"3":{"name":"(anonymous_4)","decl":{"start":{"line":27,"column":32},"end":{"line":27,"column":37}},"loc":{"start":{"line":27,"column":64},"end":{"line":43,"column":1}}},"4":{"name":"(anonymous_5)","decl":{"start":{"line":46,"column":34},"end":{"line":46,"column":39}},"loc":{"start":{"line":46,"column":45},"end":{"line":59,"column":1}}},"5":{"name":"(anonymous_6)","decl":{"start":{"line":62,"column":34},"end":{"line":62,"column":39}},"loc":{"start":{"line":62,"column":59},"end":{"line":67,"column":1}}},"6":{"name":"(anonymous_7)","decl":{"start":{"line":70,"column":37},"end":{"line":70,"column":42}},"loc":{"start":{"line":70,"column":76},"end":{"line":79,"column":1}}},"7":{"name":"(anonymous_8)","decl":{"start":{"line":82,"column":37},"end":{"line":82,"column":42}},"loc":{"start":{"line":82,"column":62},"end":{"line":86,"column":1}}}},"branchMap":{},"s":{"0":7,"1":7,"2":7,"3":7,"4":2,"5":2,"6":7,"7":7,"8":2,"9":7,"10":7,"11":2,"12":7,"13":7,"14":5,"15":5,"16":7,"17":7,"18":2,"19":2,"20":7,"21":7,"22":4,"23":4,"24":7,"25":7,"26":2,"27":2,"28":2,"29":2,"30":7,"31":7,"32":2,"33":2,"34":7},"f":{"0":2,"1":2,"2":2,"3":5,"4":2,"5":4,"6":2,"7":2},"b":{}}
,"C:\\Users\\Admin\\Desktop\\Teach2Give Assignments\\Final Cohort Project\\ET-VB-MS-Backend\\src\\Booking\\booking.controller.ts": {"path":"C:\\Users\\Admin\\Desktop\\Teach2Give Assignments\\Final Cohort Project\\ET-VB-MS-Backend\\src\\Booking\\booking.controller.ts","statementMap":{"0":{"start":{"line":2,"column":0},"end":{"line":2,"column":156}},"1":{"start":{"line":6,"column":39},"end":{"line":29,"column":1}},"2":{"start":{"line":7,"column":2},"end":{"line":28,"column":3}},"3":{"start":{"line":8,"column":20},"end":{"line":8,"column":28}},"4":{"start":{"line":9,"column":4},"end":{"line":9,"column":46}},"5":{"start":{"line":11,"column":23},"end":{"line":11,"column":58}},"6":{"start":{"line":13,"column":4},"end":{"line":13,"column":49}},"7":{"start":{"line":14,"column":4},"end":{"line":21,"column":5}},"8":{"start":{"line":15,"column":6},"end":{"line":18,"column":9}},"9":{"start":{"line":20,"column":6},"end":{"line":20,"column":75}},"10":{"start":{"line":23,"column":4},"end":{"line":23,"column":50}},"11":{"start":{"line":24,"column":4},"end":{"line":27,"column":7}},"12":{"start":{"line":6,"column":13},"end":{"line":6,"column":39}},"13":{"start":{"line":33,"column":40},"end":{"line":45,"column":1}},"14":{"start":{"line":34,"column":2},"end":{"line":44,"column":3}},"15":{"start":{"line":35,"column":21},"end":{"line":35,"column":49}},"16":{"start":{"line":37,"column":4},"end":{"line":39,"column":5}},"17":{"start":{"line":38,"column":6},"end":{"line":38,"column":68}},"18":{"start":{"line":41,"column":4},"end":{"line":41,"column":90}},"19":{"start":{"line":43,"column":4},"end":{"line":43,"column":92}},"20":{"start":{"line":33,"column":13},"end":{"line":33,"column":40}},"21":{"start":{"line":48,"column":44},"end":{"line":66,"column":1}},"22":{"start":{"line":49,"column":2},"end":{"line":65,"column":3}},"23":{"start":{"line":50,"column":22},"end":{"line":50,"column":52}},"24":{"start":{"line":51,"column":4},"end":{"line":51,"column":null}},"25":{"start":{"line":52,"column":4},"end":{"line":54,"column":5}},"26":{"start":{"line":53,"column":6},"end":{"line":53,"column":69}},"27":{"start":{"line":55,"column":20},"end":{"line":55,"column":58}},"28":{"start":{"line":57,"column":4},"end":{"line":57,"column":null}},"29":{"start":{"line":58,"column":4},"end":{"line":60,"column":5}},"30":{"start":{"line":59,"column":6},"end":{"line":59,"column":68}},"31":{"start":{"line":62,"column":4},"end":{"line":62,"column":45}},"32":{"start":{"line":64,"column":4},"end":{"line":64,"column":58}},"33":{"start":{"line":48,"column":13},"end":{"line":48,"column":44}},"34":{"start":{"line":69,"column":43},"end":{"line":96,"column":1}},"35":{"start":{"line":70,"column":2},"end":{"line":95,"column":3}},"36":{"start":{"line":71,"column":22},"end":{"line":71,"column":52}},"37":{"start":{"line":72,"column":4},"end":{"line":74,"column":5}},"38":{"start":{"line":73,"column":6},"end":{"line":73,"column":69}},"39":{"start":{"line":76,"column":20},"end":{"line":76,"column":28}},"40":{"start":{"line":77,"column":4},"end":{"line":77,"column":47}},"41":{"start":{"line":80,"column":28},"end":{"line":80,"column":66}},"42":{"start":{"line":81,"column":4},"end":{"line":83,"column":5}},"43":{"start":{"line":82,"column":6},"end":{"line":82,"column":68}},"44":{"start":{"line":86,"column":27},"end":{"line":86,"column":77}},"45":{"start":{"line":87,"column":4},"end":{"line":91,"column":5}},"46":{"start":{"line":88,"column":6},"end":{"line":88,"column":95}},"47":{"start":{"line":90,"column":6},"end":{"line":90,"column":75}},"48":{"start":{"line":93,"column":4},"end":{"line":93,"column":null}},"49":{"start":{"line":94,"column":4},"end":{"line":94,"column":92}},"50":{"start":{"line":69,"column":13},"end":{"line":69,"column":43}},"51":{"start":{"line":99,"column":43},"end":{"line":121,"column":1}},"52":{"start":{"line":100,"column":2},"end":{"line":120,"column":3}},"53":{"start":{"line":101,"column":22},"end":{"line":101,"column":52}},"54":{"start":{"line":102,"column":4},"end":{"line":104,"column":5}},"55":{"start":{"line":103,"column":6},"end":{"line":103,"column":69}},"56":{"start":{"line":106,"column":28},"end":{"line":106,"column":66}},"57":{"start":{"line":107,"column":4},"end":{"line":109,"column":5}},"58":{"start":{"line":108,"column":6},"end":{"line":108,"column":68}},"59":{"start":{"line":111,"column":20},"end":{"line":111,"column":61}},"60":{"start":{"line":112,"column":4},"end":{"line":115,"column":5}},"61":{"start":{"line":113,"column":6},"end":{"line":113,"column":68}},"62":{"start":{"line":116,"column":4},"end":{"line":116,"column":77}},"63":{"start":{"line":118,"column":4},"end":{"line":118,"column":50}},"64":{"start":{"line":119,"column":4},"end":{"line":119,"column":92}},"65":{"start":{"line":99,"column":13},"end":{"line":99,"column":43}}},"fnMap":{"0":{"name":"(anonymous_0)","decl":{"start":{"line":6,"column":39},"end":{"line":6,"column":44}},"loc":{"start":{"line":6,"column":77},"end":{"line":29,"column":1}}},"1":{"name":"(anonymous_1)","decl":{"start":{"line":33,"column":40},"end":{"line":33,"column":45}},"loc":{"start":{"line":33,"column":79},"end":{"line":45,"column":1}}},"2":{"name":"(anonymous_2)","decl":{"start":{"line":48,"column":44},"end":{"line":48,"column":49}},"loc":{"start":{"line":48,"column":82},"end":{"line":66,"column":1}}},"3":{"name":"(anonymous_3)","decl":{"start":{"line":69,"column":43},"end":{"line":69,"column":48}},"loc":{"start":{"line":69,"column":81},"end":{"line":96,"column":1}}},"4":{"name":"(anonymous_4)","decl":{"start":{"line":99,"column":43},"end":{"line":99,"column":48}},"loc":{"start":{"line":99,"column":81},"end":{"line":121,"column":1}}}},"branchMap":{"0":{"loc":{"start":{"line":14,"column":4},"end":{"line":21,"column":5}},"type":"if","locations":[{"start":{"line":14,"column":4},"end":{"line":21,"column":5}},{"start":{"line":19,"column":11},"end":{"line":21,"column":5}}]},"1":{"loc":{"start":{"line":14,"column":8},"end":{"line":14,"column":43}},"type":"binary-expr","locations":[{"start":{"line":14,"column":8},"end":{"line":14,"column":18}},{"start":{"line":14,"column":22},"end":{"line":14,"column":43}}]},"2":{"loc":{"start":{"line":37,"column":4},"end":{"line":39,"column":5}},"type":"if","locations":[{"start":{"line":37,"column":4},"end":{"line":39,"column":5}},{"start":{},"end":{}}]},"3":{"loc":{"start":{"line":52,"column":4},"end":{"line":54,"column":5}},"type":"if","locations":[{"start":{"line":52,"column":4},"end":{"line":54,"column":5}},{"start":{},"end":{}}]},"4":{"loc":{"start":{"line":58,"column":4},"end":{"line":60,"column":5}},"type":"if","locations":[{"start":{"line":58,"column":4},"end":{"line":60,"column":5}},{"start":{},"end":{}}]},"5":{"loc":{"start":{"line":72,"column":4},"end":{"line":74,"column":5}},"type":"if","locations":[{"start":{"line":72,"column":4},"end":{"line":74,"column":5}},{"start":{},"end":{}}]},"6":{"loc":{"start":{"line":81,"column":4},"end":{"line":83,"column":5}},"type":"if","locations":[{"start":{"line":81,"column":4},"end":{"line":83,"column":5}},{"start":{},"end":{}}]},"7":{"loc":{"start":{"line":87,"column":4},"end":{"line":91,"column":5}},"type":"if","locations":[{"start":{"line":87,"column":4},"end":{"line":91,"column":5}},{"start":{"line":89,"column":11},"end":{"line":91,"column":5}}]},"8":{"loc":{"start":{"line":102,"column":4},"end":{"line":104,"column":5}},"type":"if","locations":[{"start":{"line":102,"column":4},"end":{"line":104,"column":5}},{"start":{},"end":{}}]},"9":{"loc":{"start":{"line":107,"column":4},"end":{"line":109,"column":5}},"type":"if","locations":[{"start":{"line":107,"column":4},"end":{"line":109,"column":5}},{"start":{},"end":{}}]},"10":{"loc":{"start":{"line":112,"column":4},"end":{"line":115,"column":5}},"type":"if","locations":[{"start":{"line":112,"column":4},"end":{"line":115,"column":5}},{"start":{},"end":{}}]}},"s":{"0":6,"1":6,"2":2,"3":2,"4":2,"5":2,"6":2,"7":2,"8":2,"9":0,"10":0,"11":0,"12":6,"13":6,"14":1,"15":1,"16":1,"17":0,"18":1,"19":0,"20":6,"21":6,"22":1,"23":1,"24":1,"25":1,"26":0,"27":1,"28":1,"29":1,"30":0,"31":1,"32":0,"33":6,"34":6,"35":1,"36":1,"37":1,"38":0,"39":1,"40":1,"41":1,"42":1,"43":0,"44":1,"45":1,"46":1,"47":0,"48":0,"49":0,"50":6,"51":6,"52":1,"53":1,"54":1,"55":0,"56":1,"57":1,"58":0,"59":1,"60":1,"61":0,"62":1,"63":0,"64":0,"65":6},"f":{"0":2,"1":1,"2":1,"3":1,"4":1},"b":{"0":[2,0],"1":[2,2],"2":[0,1],"3":[0,1],"4":[0,1],"5":[0,1],"6":[0,1],"7":[1,0],"8":[0,1],"9":[0,1],"10":[0,1]}}
,"C:\\Users\\Admin\\Desktop\\Teach2Give Assignments\\Final Cohort Project\\ET-VB-MS-Backend\\src\\Booking\\booking.router.ts": {"path":"C:\\Users\\Admin\\Desktop\\Teach2Give Assignments\\Final Cohort Project\\ET-VB-MS-Backend\\src\\Booking\\booking.router.ts","statementMap":{"0":{"start":{"line":2,"column":0},"end":{"line":2,"column":177}},"1":{"start":{"line":4,"column":16},"end":{"line":69,"column":1}},"2":{"start":{"line":5,"column":4},"end":{"line":14,"column":null}},"3":{"start":{"line":7,"column":12},"end":{"line":12,"column":13}},"4":{"start":{"line":8,"column":16},"end":{"line":8,"column":null}},"5":{"start":{"line":10,"column":16},"end":{"line":10,"column":null}},"6":{"start":{"line":18,"column":4},"end":{"line":28,"column":null}},"7":{"start":{"line":21,"column":12},"end":{"line":26,"column":13}},"8":{"start":{"line":22,"column":16},"end":{"line":22,"column":null}},"9":{"start":{"line":24,"column":16},"end":{"line":24,"column":null}},"10":{"start":{"line":31,"column":4},"end":{"line":41,"column":null}},"11":{"start":{"line":34,"column":12},"end":{"line":39,"column":13}},"12":{"start":{"line":35,"column":16},"end":{"line":35,"column":null}},"13":{"start":{"line":37,"column":16},"end":{"line":37,"column":null}},"14":{"start":{"line":45,"column":4},"end":{"line":55,"column":null}},"15":{"start":{"line":48,"column":12},"end":{"line":53,"column":13}},"16":{"start":{"line":49,"column":16},"end":{"line":49,"column":null}},"17":{"start":{"line":51,"column":16},"end":{"line":51,"column":null}},"18":{"start":{"line":58,"column":4},"end":{"line":68,"column":null}},"19":{"start":{"line":61,"column":12},"end":{"line":66,"column":13}},"20":{"start":{"line":62,"column":16},"end":{"line":62,"column":null}},"21":{"start":{"line":64,"column":16},"end":{"line":64,"column":null}},"22":{"start":{"line":71,"column":0},"end":{"line":71,"column":null}}},"fnMap":{"0":{"name":"(anonymous_0)","decl":{"start":{"line":4,"column":16},"end":{"line":4,"column":17}},"loc":{"start":{"line":4,"column":32},"end":{"line":69,"column":1}}},"1":{"name":"(anonymous_1)","decl":{"start":{"line":6,"column":8},"end":{"line":6,"column":13}},"loc":{"start":{"line":6,"column":32},"end":{"line":13,"column":9}}},"2":{"name":"(anonymous_2)","decl":{"start":{"line":20,"column":8},"end":{"line":20,"column":13}},"loc":{"start":{"line":20,"column":33},"end":{"line":27,"column":9}}},"3":{"name":"(anonymous_3)","decl":{"start":{"line":33,"column":8},"end":{"line":33,"column":13}},"loc":{"start":{"line":33,"column":32},"end":{"line":40,"column":9}}},"4":{"name":"(anonymous_4)","decl":{"start":{"line":47,"column":8},"end":{"line":47,"column":13}},"loc":{"start":{"line":47,"column":32},"end":{"line":54,"column":9}}},"5":{"name":"(anonymous_5)","decl":{"start":{"line":60,"column":8},"end":{"line":60,"column":13}},"loc":{"start":{"line":60,"column":32},"end":{"line":67,"column":9}}}},"branchMap":{},"s":{"0":6,"1":6,"2":6,"3":2,"4":2,"5":0,"6":6,"7":1,"8":1,"9":0,"10":6,"11":1,"12":1,"13":0,"14":6,"15":1,"16":1,"17":0,"18":6,"19":1,"20":1,"21":0,"22":6},"f":{"0":6,"1":2,"2":1,"3":1,"4":1,"5":1},"b":{}}
,"C:\\Users\\Admin\\Desktop\\Teach2Give Assignments\\Final Cohort Project\\ET-VB-MS-Backend\\src\\Booking\\booking.service.ts": {"path":"C:\\Users\\Admin\\Desktop\\Teach2Give Assignments\\Final Cohort Project\\ET-VB-MS-Backend\\src\\Booking\\booking.service.ts","statementMap":{"0":{"start":{"line":1,"column":0},"end":{"line":1,"column":33}},"1":{"start":{"line":2,"column":0},"end":{"line":2,"column":31}},"2":{"start":{"line":3,"column":0},"end":{"line":3,"column":60}},"3":{"start":{"line":6,"column":36},"end":{"line":12,"column":1}},"4":{"start":{"line":7,"column":21},"end":{"line":7,"column":78}},"5":{"start":{"line":8,"column":8},"end":{"line":10,"column":9}},"6":{"start":{"line":9,"column":12},"end":{"line":9,"column":28}},"7":{"start":{"line":11,"column":8},"end":{"line":11,"column":20}},"8":{"start":{"line":6,"column":13},"end":{"line":6,"column":36}},"9":{"start":{"line":15,"column":36},"end":{"line":26,"column":1}},"10":{"start":{"line":16,"column":21},"end":{"line":21,"column":6}},"11":{"start":{"line":22,"column":4},"end":{"line":24,"column":5}},"12":{"start":{"line":23,"column":8},"end":{"line":23,"column":35}},"13":{"start":{"line":25,"column":4},"end":{"line":25,"column":20}},"14":{"start":{"line":15,"column":13},"end":{"line":15,"column":36}},"15":{"start":{"line":28,"column":37},"end":{"line":38,"column":1}},"16":{"start":{"line":29,"column":18},"end":{"line":35,"column":4}},"17":{"start":{"line":37,"column":2},"end":{"line":37,"column":25}},"18":{"start":{"line":28,"column":13},"end":{"line":28,"column":37}},"19":{"start":{"line":42,"column":40},"end":{"line":47,"column":1}},"20":{"start":{"line":43,"column":4},"end":{"line":45,"column":66}},"21":{"start":{"line":46,"column":4},"end":{"line":46,"column":42}},"22":{"start":{"line":42,"column":13},"end":{"line":42,"column":40}},"23":{"start":{"line":50,"column":40},"end":{"line":57,"column":1}},"24":{"start":{"line":51,"column":20},"end":{"line":52,"column":65}},"25":{"start":{"line":53,"column":8},"end":{"line":55,"column":9}},"26":{"start":{"line":54,"column":12},"end":{"line":54,"column":39}},"27":{"start":{"line":56,"column":8},"end":{"line":56,"column":46}},"28":{"start":{"line":50,"column":13},"end":{"line":50,"column":40}}},"fnMap":{"0":{"name":"(anonymous_1)","decl":{"start":{"line":6,"column":36},"end":{"line":6,"column":41}},"loc":{"start":{"line":6,"column":65},"end":{"line":12,"column":1}}},"1":{"name":"(anonymous_2)","decl":{"start":{"line":15,"column":36},"end":{"line":15,"column":41}},"loc":{"start":{"line":15,"column":47},"end":{"line":26,"column":1}}},"2":{"name":"(anonymous_3)","decl":{"start":{"line":28,"column":37},"end":{"line":28,"column":42}},"loc":{"start":{"line":28,"column":65},"end":{"line":38,"column":1}}},"3":{"name":"(anonymous_4)","decl":{"start":{"line":42,"column":40},"end":{"line":42,"column":45}},"loc":{"start":{"line":42,"column":88},"end":{"line":47,"column":1}}},"4":{"name":"(anonymous_5)","decl":{"start":{"line":50,"column":40},"end":{"line":50,"column":45}},"loc":{"start":{"line":50,"column":68},"end":{"line":57,"column":1}}}},"branchMap":{"0":{"loc":{"start":{"line":8,"column":8},"end":{"line":10,"column":9}},"type":"if","locations":[{"start":{"line":8,"column":8},"end":{"line":10,"column":9}},{"start":{},"end":{}}]},"1":{"loc":{"start":{"line":22,"column":4},"end":{"line":24,"column":5}},"type":"if","locations":[{"start":{"line":22,"column":4},"end":{"line":24,"column":5}},{"start":{},"end":{}}]},"2":{"loc":{"start":{"line":37,"column":9},"end":{"line":37,"column":24}},"type":"binary-expr","locations":[{"start":{"line":37,"column":9},"end":{"line":37,"column":16}},{"start":{"line":37,"column":20},"end":{"line":37,"column":24}}]},"3":{"loc":{"start":{"line":53,"column":8},"end":{"line":55,"column":9}},"type":"if","locations":[{"start":{"line":53,"column":8},"end":{"line":55,"column":9}},{"start":{},"end":{}}]}},"s":{"0":7,"1":7,"2":7,"3":7,"4":3,"5":3,"6":3,"7":0,"8":7,"9":7,"10":3,"11":3,"12":1,"13":2,"14":7,"15":7,"16":4,"17":4,"18":7,"19":7,"20":2,"21":2,"22":7,"23":7,"24":3,"25":3,"26":1,"27":2,"28":7},"f":{"0":3,"1":3,"2":4,"3":2,"4":3},"b":{"0":[3,0],"1":[1,2],"2":[4,0],"3":[1,2]}}
,"C:\\Users\\Admin\\Desktop\\Teach2Give Assignments\\Final Cohort Project\\ET-VB-MS-Backend\\src\\Drizzle\\db.ts": {"path":"C:\\Users\\Admin\\Desktop\\Teach2Give Assignments\\Final Cohort Project\\ET-VB-MS-Backend\\src\\Drizzle\\db.ts","statementMap":{"0":{"start":{"line":1,"column":0},"end":{"line":1,"column":22}},"1":{"start":{"line":3,"column":0},"end":{"line":3,"column":51}},"2":{"start":{"line":4,"column":0},"end":{"line":4,"column":28}},"3":{"start":{"line":5,"column":0},"end":{"line":5,"column":34}},"4":{"start":{"line":7,"column":13},"end":{"line":9,"column":null}},"5":{"start":{"line":11,"column":13},"end":{"line":13,"column":1}},"6":{"start":{"line":12,"column":4},"end":{"line":12,"column":null}},"7":{"start":{"line":14,"column":0},"end":{"line":18,"column":null}},"8":{"start":{"line":15,"column":4},"end":{"line":15,"column":null}},"9":{"start":{"line":17,"column":4},"end":{"line":17,"column":null}},"10":{"start":{"line":20,"column":11},"end":{"line":20,"column":52}},"11":{"start":{"line":22,"column":0},"end":{"line":22,"column":null}}},"fnMap":{"0":{"name":"(anonymous_9)","decl":{"start":{"line":11,"column":13},"end":{"line":11,"column":18}},"loc":{"start":{"line":11,"column":24},"end":{"line":13,"column":1}}},"1":{"name":"(anonymous_10)","decl":{"start":{"line":14,"column":12},"end":{"line":14,"column":15}},"loc":{"start":{"line":14,"column":17},"end":{"line":16,"column":1}}},"2":{"name":"(anonymous_11)","decl":{"start":{"line":16,"column":9},"end":{"line":16,"column":10}},"loc":{"start":{"line":16,"column":19},"end":{"line":18,"column":1}}}},"branchMap":{},"s":{"0":6,"1":6,"2":6,"3":6,"4":6,"5":6,"6":6,"7":6,"8":6,"9":0,"10":6,"11":6},"f":{"0":6,"1":6,"2":0},"b":{}}
,"C:\\Users\\Admin\\Desktop\\Teach2Give Assignments\\Final Cohort Project\\ET-VB-MS-Backend\\src\\Drizzle\\migrate.ts": {"path":"C:\\Users\\Admin\\Desktop\\Teach2Give Assignments\\Final Cohort Project\\ET-VB-MS-Backend\\src\\Drizzle\\migrate.ts","statementMap":{"0":{"start":{"line":1,"column":0},"end":{"line":1,"column":23}},"1":{"start":{"line":2,"column":0},"end":{"line":2,"column":34}},"2":{"start":{"line":3,"column":0},"end":{"line":3,"column":61}},"3":{"start":{"line":7,"column":4},"end":{"line":7,"column":48}},"4":{"start":{"line":8,"column":4},"end":{"line":8,"column":69}},"5":{"start":{"line":9,"column":4},"end":{"line":9,"column":23}},"6":{"start":{"line":10,"column":4},"end":{"line":10,"column":52}},"7":{"start":{"line":11,"column":4},"end":{"line":11,"column":20}},"8":{"start":{"line":14,"column":0},"end":{"line":17,"column":null}},"9":{"start":{"line":15,"column":4},"end":{"line":15,"column":46}},"10":{"start":{"line":16,"column":4},"end":{"line":16,"column":20}}},"fnMap":{"0":{"name":"migration","decl":{"start":{"line":6,"column":15},"end":{"line":6,"column":24}},"loc":{"start":{"line":6,"column":24},"end":{"line":12,"column":1}}},"1":{"name":"(anonymous_10)","decl":{"start":{"line":14,"column":18},"end":{"line":14,"column":19}},"loc":{"start":{"line":14,"column":28},"end":{"line":17,"column":1}}}},"branchMap":{},"s":{"0":0,"1":0,"2":0,"3":0,"4":0,"5":0,"6":0,"7":0,"8":0,"9":0,"10":0},"f":{"0":0,"1":0},"b":{}}
,"C:\\Users\\Admin\\Desktop\\Teach2Give Assignments\\Final Cohort Project\\ET-VB-MS-Backend\\src\\Drizzle\\schema.ts": {"path":"C:\\Users\\Admin\\Desktop\\Teach2Give Assignments\\Final Cohort Project\\ET-VB-MS-Backend\\src\\Drizzle\\schema.ts","statementMap":{"0":{"start":{"line":1,"column":0},"end":{"line":1,"column":40}},"1":{"start":{"line":2,"column":0},"end":{"line":2,"column":46}},"2":{"start":{"line":3,"column":0},"end":{"line":3,"column":43}},"3":{"start":{"line":4,"column":0},"end":{"line":4,"column":43}},"4":{"start":{"line":5,"column":0},"end":{"line":5,"column":46}},"5":{"start":{"line":6,"column":0},"end":{"line":6,"column":80}},"6":{"start":{"line":9,"column":13},"end":{"line":22,"column":3}},"7":{"start":{"line":25,"column":13},"end":{"line":38,"column":3}},"8":{"start":{"line":29,"column":26},"end":{"line":29,"column":42}},"9":{"start":{"line":32,"column":26},"end":{"line":32,"column":44}},"10":{"start":{"line":41,"column":13},"end":{"line":55,"column":3}},"11":{"start":{"line":45,"column":26},"end":{"line":45,"column":48}},"12":{"start":{"line":48,"column":26},"end":{"line":48,"column":42}},"13":{"start":{"line":58,"column":13},"end":{"line":68,"column":3}},"14":{"start":{"line":62,"column":26},"end":{"line":62,"column":42}},"15":{"start":{"line":71,"column":13},"end":{"line":78,"column":3}},"16":{"start":{"line":81,"column":13},"end":{"line":101,"column":3}},"17":{"start":{"line":87,"column":26},"end":{"line":87,"column":44}},"18":{"start":{"line":106,"column":13},"end":{"line":110,"column":4}},"19":{"start":{"line":106,"column":69},"end":{"line":110,"column":2}},"20":{"start":{"line":113,"column":13},"end":{"line":122,"column":4}},"21":{"start":{"line":113,"column":74},"end":{"line":122,"column":2}},"22":{"start":{"line":125,"column":13},"end":{"line":134,"column":4}},"23":{"start":{"line":125,"column":74},"end":{"line":134,"column":2}},"24":{"start":{"line":137,"column":13},"end":{"line":142,"column":4}},"25":{"start":{"line":137,"column":90},"end":{"line":142,"column":2}},"26":{"start":{"line":146,"column":13},"end":{"line":152,"column":4}},"27":{"start":{"line":146,"column":76},"end":{"line":152,"column":2}}},"fnMap":{"0":{"name":"(anonymous_0)","decl":{"start":{"line":29,"column":20},"end":{"line":29,"column":23}},"loc":{"start":{"line":29,"column":26},"end":{"line":29,"column":42}}},"1":{"name":"(anonymous_1)","decl":{"start":{"line":32,"column":20},"end":{"line":32,"column":23}},"loc":{"start":{"line":32,"column":26},"end":{"line":32,"column":44}}},"2":{"name":"(anonymous_2)","decl":{"start":{"line":45,"column":20},"end":{"line":45,"column":23}},"loc":{"start":{"line":45,"column":26},"end":{"line":45,"column":48}}},"3":{"name":"(anonymous_3)","decl":{"start":{"line":48,"column":20},"end":{"line":48,"column":23}},"loc":{"start":{"line":48,"column":26},"end":{"line":48,"column":42}}},"4":{"name":"(anonymous_4)","decl":{"start":{"line":62,"column":20},"end":{"line":62,"column":23}},"loc":{"start":{"line":62,"column":26},"end":{"line":62,"column":42}}},"5":{"name":"(anonymous_5)","decl":{"start":{"line":87,"column":20},"end":{"line":87,"column":23}},"loc":{"start":{"line":87,"column":26},"end":{"line":87,"column":44}}},"6":{"name":"(anonymous_6)","decl":{"start":{"line":106,"column":54},"end":{"line":106,"column":55}},"loc":{"start":{"line":106,"column":69},"end":{"line":110,"column":2}}},"7":{"name":"(anonymous_7)","decl":{"start":{"line":113,"column":60},"end":{"line":113,"column":61}},"loc":{"start":{"line":113,"column":74},"end":{"line":122,"column":2}}},"8":{"name":"(anonymous_8)","decl":{"start":{"line":125,"column":60},"end":{"line":125,"column":61}},"loc":{"start":{"line":125,"column":74},"end":{"line":134,"column":2}}},"9":{"name":"(anonymous_9)","decl":{"start":{"line":137,"column":76},"end":{"line":137,"column":77}},"loc":{"start":{"line":137,"column":90},"end":{"line":142,"column":2}}},"10":{"name":"(anonymous_10)","decl":{"start":{"line":146,"column":56},"end":{"line":146,"column":57}},"loc":{"start":{"line":146,"column":76},"end":{"line":152,"column":2}}}},"branchMap":{},"s":{"0":12,"1":12,"2":12,"3":12,"4":12,"5":12,"6":12,"7":12,"8":0,"9":0,"10":12,"11":0,"12":0,"13":12,"14":0,"15":12,"16":12,"17":0,"18":12,"19":6,"20":12,"21":6,"22":12,"23":6,"24":12,"25":6,"26":12,"27":6},"f":{"0":0,"1":0,"2":0,"3":0,"4":0,"5":0,"6":6,"7":6,"8":6,"9":6,"10":6},"b":{}}
,"C:\\Users\\Admin\\Desktop\\Teach2Give Assignments\\Final Cohort Project\\ET-VB-MS-Backend\\src\\Drizzle\\seed.ts": {"path":"C:\\Users\\Admin\\Desktop\\Teach2Give Assignments\\Final Cohort Project\\ET-VB-MS-Backend\\src\\Drizzle\\seed.ts","statementMap":{"0":{"start":{"line":1,"column":0},"end":{"line":1,"column":22}},"1":{"start":{"line":2,"column":0},"end":{"line":2,"column":110}},"2":{"start":{"line":5,"column":4},"end":{"line":5,"column":null}},"3":{"start":{"line":8,"column":0},"end":{"line":109,"column":3}},"4":{"start":{"line":112,"column":0},"end":{"line":123,"column":3}},"5":{"start":{"line":126,"column":0},"end":{"line":137,"column":null}},"6":{"start":{"line":141,"column":0},"end":{"line":152,"column":3}},"7":{"start":{"line":155,"column":0},"end":{"line":166,"column":3}},"8":{"start":{"line":169,"column":0},"end":{"line":180,"column":3}},"9":{"start":{"line":182,"column":2},"end":{"line":182,"column":61}},"10":{"start":{"line":183,"column":4},"end":{"line":183,"column":20}},"11":{"start":{"line":186,"column":0},"end":{"line":189,"column":null}},"12":{"start":{"line":187,"column":4},"end":{"line":187,"column":44}},"13":{"start":{"line":188,"column":4},"end":{"line":188,"column":20}}},"fnMap":{"0":{"name":"seed","decl":{"start":{"line":4,"column":15},"end":{"line":4,"column":19}},"loc":{"start":{"line":4,"column":19},"end":{"line":184,"column":1}}},"1":{"name":"(anonymous_2)","decl":{"start":{"line":186,"column":13},"end":{"line":186,"column":14}},"loc":{"start":{"line":186,"column":23},"end":{"line":189,"column":1}}}},"branchMap":{},"s":{"0":0,"1":0,"2":0,"3":0,"4":0,"5":0,"6":0,"7":0,"8":0,"9":0,"10":0,"11":0,"12":0,"13":0},"f":{"0":0,"1":0},"b":{}}
,"C:\\Users\\Admin\\Desktop\\Teach2Give Assignments\\Final Cohort Project\\ET-VB-MS-Backend\\src\\Event\\event.controller.ts": {"path":"C:\\Users\\Admin\\Desktop\\Teach2Give Assignments\\Final Cohort Project\\ET-VB-MS-Backend\\src\\Event\\event.controller.ts","statementMap":{"0":{"start":{"line":2,"column":0},"end":{"line":2,"column":139}},"1":{"start":{"line":5,"column":37},"end":{"line":21,"column":1}},"2":{"start":{"line":6,"column":4},"end":{"line":20,"column":5}},"3":{"start":{"line":7,"column":22},"end":{"line":7,"column":30}},"4":{"start":{"line":8,"column":8},"end":{"line":8,"column":27}},"5":{"start":{"line":10,"column":25},"end":{"line":10,"column":56}},"6":{"start":{"line":11,"column":8},"end":{"line":11,"column":52}},"7":{"start":{"line":12,"column":8},"end":{"line":16,"column":9}},"8":{"start":{"line":13,"column":12},"end":{"line":13,"column":93}},"9":{"start":{"line":15,"column":12},"end":{"line":15,"column":79}},"10":{"start":{"line":18,"column":8},"end":{"line":18,"column":54}},"11":{"start":{"line":19,"column":8},"end":{"line":19,"column":96}},"12":{"start":{"line":5,"column":13},"end":{"line":5,"column":37}},"13":{"start":{"line":24,"column":38},"end":{"line":33,"column":1}},"14":{"start":{"line":25,"column":4},"end":{"line":32,"column":5}},"15":{"start":{"line":26,"column":23},"end":{"line":26,"column":50}},"16":{"start":{"line":27,"column":8},"end":{"line":27,"column":39}},"17":{"start":{"line":28,"column":8},"end":{"line":28,"column":90}},"18":{"start":{"line":30,"column":8},"end":{"line":30,"column":55}},"19":{"start":{"line":31,"column":8},"end":{"line":31,"column":96}},"20":{"start":{"line":24,"column":13},"end":{"line":24,"column":38}},"21":{"start":{"line":36,"column":38},"end":{"line":55,"column":1}},"22":{"start":{"line":37,"column":4},"end":{"line":54,"column":5}},"23":{"start":{"line":38,"column":24},"end":{"line":38,"column":52}},"24":{"start":{"line":39,"column":8},"end":{"line":39,"column":42}},"25":{"start":{"line":40,"column":8},"end":{"line":42,"column":9}},"26":{"start":{"line":41,"column":12},"end":{"line":41,"column":73}},"27":{"start":{"line":44,"column":22},"end":{"line":44,"column":56}},"28":{"start":{"line":45,"column":8},"end":{"line":45,"column":37}},"29":{"start":{"line":47,"column":8},"end":{"line":49,"column":9}},"30":{"start":{"line":48,"column":12},"end":{"line":48,"column":72}},"31":{"start":{"line":50,"column":8},"end":{"line":50,"column":88}},"32":{"start":{"line":52,"column":8},"end":{"line":52,"column":54}},"33":{"start":{"line":53,"column":8},"end":{"line":53,"column":96}},"34":{"start":{"line":36,"column":13},"end":{"line":36,"column":38}},"35":{"start":{"line":58,"column":41},"end":{"line":85,"column":1}},"36":{"start":{"line":59,"column":4},"end":{"line":84,"column":5}},"37":{"start":{"line":60,"column":24},"end":{"line":60,"column":52}},"38":{"start":{"line":61,"column":8},"end":{"line":63,"column":9}},"39":{"start":{"line":62,"column":12},"end":{"line":62,"column":73}},"40":{"start":{"line":65,"column":22},"end":{"line":65,"column":30}},"41":{"start":{"line":66,"column":8},"end":{"line":66,"column":47}},"42":{"start":{"line":69,"column":30},"end":{"line":69,"column":64}},"43":{"start":{"line":70,"column":8},"end":{"line":72,"column":9}},"44":{"start":{"line":71,"column":12},"end":{"line":71,"column":72}},"45":{"start":{"line":75,"column":29},"end":{"line":75,"column":73}},"46":{"start":{"line":76,"column":8},"end":{"line":80,"column":9}},"47":{"start":{"line":77,"column":12},"end":{"line":77,"column":97}},"48":{"start":{"line":79,"column":12},"end":{"line":79,"column":79}},"49":{"start":{"line":82,"column":8},"end":{"line":82,"column":54}},"50":{"start":{"line":83,"column":8},"end":{"line":83,"column":96}},"51":{"start":{"line":58,"column":13},"end":{"line":58,"column":41}},"52":{"start":{"line":89,"column":37},"end":{"line":111,"column":1}},"53":{"start":{"line":90,"column":4},"end":{"line":110,"column":5}},"54":{"start":{"line":91,"column":24},"end":{"line":91,"column":52}},"55":{"start":{"line":92,"column":8},"end":{"line":94,"column":9}},"56":{"start":{"line":93,"column":12},"end":{"line":93,"column":73}},"57":{"start":{"line":96,"column":30},"end":{"line":96,"column":64}},"58":{"start":{"line":97,"column":8},"end":{"line":99,"column":9}},"59":{"start":{"line":98,"column":12},"end":{"line":98,"column":72}},"60":{"start":{"line":101,"column":29},"end":{"line":101,"column":62}},"61":{"start":{"line":102,"column":8},"end":{"line":106,"column":9}},"62":{"start":{"line":103,"column":12},"end":{"line":103,"column":97}},"63":{"start":{"line":105,"column":12},"end":{"line":105,"column":79}},"64":{"start":{"line":108,"column":8},"end":{"line":108,"column":54}},"65":{"start":{"line":109,"column":8},"end":{"line":109,"column":96}},"66":{"start":{"line":89,"column":13},"end":{"line":89,"column":37}}},"fnMap":{"0":{"name":"(anonymous_0)","decl":{"start":{"line":5,"column":37},"end":{"line":5,"column":42}},"loc":{"start":{"line":5,"column":75},"end":{"line":21,"column":1}}},"1":{"name":"(anonymous_1)","decl":{"start":{"line":24,"column":38},"end":{"line":24,"column":43}},"loc":{"start":{"line":24,"column":76},"end":{"line":33,"column":1}}},"2":{"name":"(anonymous_2)","decl":{"start":{"line":36,"column":38},"end":{"line":36,"column":43}},"loc":{"start":{"line":36,"column":76},"end":{"line":55,"column":1}}},"3":{"name":"(anonymous_3)","decl":{"start":{"line":58,"column":41},"end":{"line":58,"column":46}},"loc":{"start":{"line":58,"column":79},"end":{"line":85,"column":1}}},"4":{"name":"(anonymous_4)","decl":{"start":{"line":89,"column":37},"end":{"line":89,"column":42}},"loc":{"start":{"line":89,"column":75},"end":{"line":111,"column":1}}}},"branchMap":{"0":{"loc":{"start":{"line":12,"column":8},"end":{"line":16,"column":9}},"type":"if","locations":[{"start":{"line":12,"column":8},"end":{"line":16,"column":9}},{"start":{"line":14,"column":15},"end":{"line":16,"column":9}}]},"1":{"loc":{"start":{"line":40,"column":8},"end":{"line":42,"column":9}},"type":"if","locations":[{"start":{"line":40,"column":8},"end":{"line":42,"column":9}},{"start":{},"end":{}}]},"2":{"loc":{"start":{"line":47,"column":8},"end":{"line":49,"column":9}},"type":"if","locations":[{"start":{"line":47,"column":8},"end":{"line":49,"column":9}},{"start":{},"end":{}}]},"3":{"loc":{"start":{"line":61,"column":8},"end":{"line":63,"column":9}},"type":"if","locations":[{"start":{"line":61,"column":8},"end":{"line":63,"column":9}},{"start":{},"end":{}}]},"4":{"loc":{"start":{"line":70,"column":8},"end":{"line":72,"column":9}},"type":"if","locations":[{"start":{"line":70,"column":8},"end":{"line":72,"column":9}},{"start":{},"end":{}}]},"5":{"loc":{"start":{"line":76,"column":8},"end":{"line":80,"column":9}},"type":"if","locations":[{"start":{"line":76,"column":8},"end":{"line":80,"column":9}},{"start":{"line":78,"column":15},"end":{"line":80,"column":9}}]},"6":{"loc":{"start":{"line":92,"column":8},"end":{"line":94,"column":9}},"type":"if","locations":[{"start":{"line":92,"column":8},"end":{"line":94,"column":9}},{"start":{},"end":{}}]},"7":{"loc":{"start":{"line":97,"column":8},"end":{"line":99,"column":9}},"type":"if","locations":[{"start":{"line":97,"column":8},"end":{"line":99,"column":9}},{"start":{},"end":{}}]},"8":{"loc":{"start":{"line":102,"column":8},"end":{"line":106,"column":9}},"type":"if","locations":[{"start":{"line":102,"column":8},"end":{"line":106,"column":9}},{"start":{"line":104,"column":15},"end":{"line":106,"column":9}}]}},"s":{"0":6,"1":6,"2":2,"3":2,"4":2,"5":2,"6":2,"7":2,"8":2,"9":0,"10":0,"11":0,"12":6,"13":6,"14":2,"15":2,"16":2,"17":2,"18":0,"19":0,"20":6,"21":6,"22":2,"23":2,"24":2,"25":2,"26":0,"27":2,"28":2,"29":2,"30":1,"31":1,"32":0,"33":0,"34":6,"35":6,"36":1,"37":1,"38":1,"39":0,"40":1,"41":1,"42":1,"43":1,"44":0,"45":1,"46":1,"47":1,"48":0,"49":0,"50":0,"51":6,"52":6,"53":1,"54":1,"55":1,"56":0,"57":1,"58":1,"59":0,"60":1,"61":1,"62":1,"63":0,"64":0,"65":0,"66":6},"f":{"0":2,"1":2,"2":2,"3":1,"4":1},"b":{"0":[2,0],"1":[0,2],"2":[1,1],"3":[0,1],"4":[0,1],"5":[1,0],"6":[0,1],"7":[0,1],"8":[1,0]}}
,"C:\\Users\\Admin\\Desktop\\Teach2Give Assignments\\Final Cohort Project\\ET-VB-MS-Backend\\src\\Event\\event.router.ts": {"path":"C:\\Users\\Admin\\Desktop\\Teach2Give Assignments\\Final Cohort Project\\ET-VB-MS-Backend\\src\\Event\\event.router.ts","statementMap":{"0":{"start":{"line":2,"column":0},"end":{"line":2,"column":157}},"1":{"start":{"line":5,"column":14},"end":{"line":71,"column":1}},"2":{"start":{"line":7,"column":4},"end":{"line":15,"column":6}},"3":{"start":{"line":9,"column":12},"end":{"line":13,"column":13}},"4":{"start":{"line":10,"column":16},"end":{"line":10,"column":54}},"5":{"start":{"line":12,"column":16},"end":{"line":12,"column":28}},"6":{"start":{"line":18,"column":4},"end":{"line":26,"column":6}},"7":{"start":{"line":20,"column":12},"end":{"line":24,"column":13}},"8":{"start":{"line":21,"column":16},"end":{"line":21,"column":55}},"9":{"start":{"line":23,"column":16},"end":{"line":23,"column":28}},"10":{"start":{"line":29,"column":4},"end":{"line":37,"column":6}},"11":{"start":{"line":31,"column":12},"end":{"line":35,"column":13}},"12":{"start":{"line":32,"column":16},"end":{"line":32,"column":55}},"13":{"start":{"line":34,"column":16},"end":{"line":34,"column":28}},"14":{"start":{"line":40,"column":4},"end":{"line":48,"column":6}},"15":{"start":{"line":42,"column":12},"end":{"line":46,"column":13}},"16":{"start":{"line":43,"column":16},"end":{"line":43,"column":55}},"17":{"start":{"line":45,"column":16},"end":{"line":45,"column":28}},"18":{"start":{"line":51,"column":4},"end":{"line":59,"column":6}},"19":{"start":{"line":53,"column":12},"end":{"line":57,"column":13}},"20":{"start":{"line":54,"column":16},"end":{"line":54,"column":58}},"21":{"start":{"line":56,"column":16},"end":{"line":56,"column":28}},"22":{"start":{"line":62,"column":4},"end":{"line":70,"column":6}},"23":{"start":{"line":64,"column":12},"end":{"line":68,"column":13}},"24":{"start":{"line":65,"column":16},"end":{"line":65,"column":54}},"25":{"start":{"line":67,"column":16},"end":{"line":67,"column":28}},"26":{"start":{"line":73,"column":0},"end":{"line":73,"column":21}}},"fnMap":{"0":{"name":"(anonymous_0)","decl":{"start":{"line":5,"column":14},"end":{"line":5,"column":15}},"loc":{"start":{"line":5,"column":31},"end":{"line":71,"column":1}}},"1":{"name":"(anonymous_1)","decl":{"start":{"line":8,"column":8},"end":{"line":8,"column":13}},"loc":{"start":{"line":8,"column":33},"end":{"line":14,"column":9}}},"2":{"name":"(anonymous_2)","decl":{"start":{"line":19,"column":8},"end":{"line":19,"column":13}},"loc":{"start":{"line":19,"column":33},"end":{"line":25,"column":9}}},"3":{"name":"(anonymous_3)","decl":{"start":{"line":30,"column":8},"end":{"line":30,"column":13}},"loc":{"start":{"line":30,"column":33},"end":{"line":36,"column":9}}},"4":{"name":"(anonymous_4)","decl":{"start":{"line":41,"column":8},"end":{"line":41,"column":13}},"loc":{"start":{"line":41,"column":33},"end":{"line":47,"column":9}}},"5":{"name":"(anonymous_5)","decl":{"start":{"line":52,"column":8},"end":{"line":52,"column":13}},"loc":{"start":{"line":52,"column":33},"end":{"line":58,"column":9}}},"6":{"name":"(anonymous_6)","decl":{"start":{"line":63,"column":8},"end":{"line":63,"column":13}},"loc":{"start":{"line":63,"column":33},"end":{"line":69,"column":9}}}},"branchMap":{},"s":{"0":6,"1":6,"2":6,"3":2,"4":2,"5":0,"6":6,"7":0,"8":0,"9":0,"10":6,"11":2,"12":2,"13":0,"14":6,"15":2,"16":2,"17":0,"18":6,"19":1,"20":1,"21":0,"22":6,"23":1,"24":1,"25":0,"26":6},"f":{"0":6,"1":2,"2":0,"3":2,"4":2,"5":1,"6":1},"b":{}}
,"C:\\Users\\Admin\\Desktop\\Teach2Give Assignments\\Final Cohort Project\\ET-VB-MS-Backend\\src\\Event\\event.service.ts": {"path":"C:\\Users\\Admin\\Desktop\\Teach2Give Assignments\\Final Cohort Project\\ET-VB-MS-Backend\\src\\Event\\event.service.ts","statementMap":{"0":{"start":{"line":1,"column":0},"end":{"line":1,"column":33}},"1":{"start":{"line":2,"column":0},"end":{"line":2,"column":31}},"2":{"start":{"line":3,"column":0},"end":{"line":3,"column":56}},"3":{"start":{"line":7,"column":34},"end":{"line":13,"column":1}},"4":{"start":{"line":8,"column":21},"end":{"line":8,"column":74}},"5":{"start":{"line":9,"column":4},"end":{"line":11,"column":5}},"6":{"start":{"line":10,"column":8},"end":{"line":10,"column":24}},"7":{"start":{"line":12,"column":4},"end":{"line":12,"column":16}},"8":{"start":{"line":7,"column":13},"end":{"line":7,"column":34}},"9":{"start":{"line":16,"column":35},"end":{"line":19,"column":1}},"10":{"start":{"line":17,"column":17},"end":{"line":17,"column":53}},"11":{"start":{"line":18,"column":2},"end":{"line":18,"column":16}},"12":{"start":{"line":16,"column":13},"end":{"line":16,"column":35}},"13":{"start":{"line":22,"column":35},"end":{"line":31,"column":1}},"14":{"start":{"line":23,"column":16},"end":{"line":28,"column":4}},"15":{"start":{"line":30,"column":2},"end":{"line":30,"column":23}},"16":{"start":{"line":22,"column":13},"end":{"line":22,"column":35}},"17":{"start":{"line":35,"column":38},"end":{"line":42,"column":1}},"18":{"start":{"line":36,"column":18},"end":{"line":39,"column":16}},"19":{"start":{"line":41,"column":2},"end":{"line":41,"column":38}},"20":{"start":{"line":35,"column":13},"end":{"line":35,"column":38}},"21":{"start":{"line":45,"column":34},"end":{"line":52,"column":1}},"22":{"start":{"line":46,"column":20},"end":{"line":47,"column":59}},"23":{"start":{"line":48,"column":4},"end":{"line":50,"column":5}},"24":{"start":{"line":49,"column":8},"end":{"line":49,"column":33}},"25":{"start":{"line":51,"column":4},"end":{"line":51,"column":40}},"26":{"start":{"line":45,"column":13},"end":{"line":45,"column":34}}},"fnMap":{"0":{"name":"(anonymous_1)","decl":{"start":{"line":7,"column":34},"end":{"line":7,"column":39}},"loc":{"start":{"line":7,"column":59},"end":{"line":13,"column":1}}},"1":{"name":"(anonymous_2)","decl":{"start":{"line":16,"column":35},"end":{"line":16,"column":40}},"loc":{"start":{"line":16,"column":46},"end":{"line":19,"column":1}}},"2":{"name":"(anonymous_3)","decl":{"start":{"line":22,"column":35},"end":{"line":22,"column":40}},"loc":{"start":{"line":22,"column":61},"end":{"line":31,"column":1}}},"3":{"name":"(anonymous_4)","decl":{"start":{"line":35,"column":38},"end":{"line":35,"column":43}},"loc":{"start":{"line":35,"column":80},"end":{"line":42,"column":1}}},"4":{"name":"(anonymous_5)","decl":{"start":{"line":45,"column":34},"end":{"line":45,"column":39}},"loc":{"start":{"line":45,"column":60},"end":{"line":52,"column":1}}}},"branchMap":{"0":{"loc":{"start":{"line":9,"column":4},"end":{"line":11,"column":5}},"type":"if","locations":[{"start":{"line":9,"column":4},"end":{"line":11,"column":5}},{"start":{},"end":{}}]},"1":{"loc":{"start":{"line":30,"column":9},"end":{"line":30,"column":22}},"type":"binary-expr","locations":[{"start":{"line":30,"column":9},"end":{"line":30,"column":14}},{"start":{"line":30,"column":18},"end":{"line":30,"column":22}}]},"2":{"loc":{"start":{"line":48,"column":4},"end":{"line":50,"column":5}},"type":"if","locations":[{"start":{"line":48,"column":4},"end":{"line":50,"column":5}},{"start":{},"end":{}}]}},"s":{"0":7,"1":7,"2":7,"3":7,"4":3,"5":3,"6":3,"7":0,"8":7,"9":7,"10":3,"11":3,"12":7,"13":7,"14":5,"15":5,"16":7,"17":7,"18":2,"19":2,"20":7,"21":7,"22":3,"23":3,"24":1,"25":2,"26":7},"f":{"0":3,"1":3,"2":5,"3":2,"4":3},"b":{"0":[3,0],"1":[5,1],"2":[1,2]}}
,"C:\\Users\\Admin\\Desktop\\Teach2Give Assignments\\Final Cohort Project\\ET-VB-MS-Backend\\src\\Payment\\payment.controller.ts": {"path":"C:\\Users\\Admin\\Desktop\\Teach2Give Assignments\\Final Cohort Project\\ET-VB-MS-Backend\\src\\Payment\\payment.controller.ts","statementMap":{"0":{"start":{"line":2,"column":0},"end":{"line":2,"column":151}},"1":{"start":{"line":5,"column":39},"end":{"line":22,"column":1}},"2":{"start":{"line":6,"column":4},"end":{"line":21,"column":5}},"3":{"start":{"line":7,"column":24},"end":{"line":7,"column":32}},"4":{"start":{"line":8,"column":8},"end":{"line":8,"column":29}},"5":{"start":{"line":10,"column":27},"end":{"line":10,"column":62}},"6":{"start":{"line":12,"column":8},"end":{"line":12,"column":32}},"7":{"start":{"line":13,"column":8},"end":{"line":17,"column":9}},"8":{"start":{"line":14,"column":12},"end":{"line":14,"column":97}},"9":{"start":{"line":16,"column":12},"end":{"line":16,"column":81}},"10":{"start":{"line":19,"column":8},"end":{"line":19,"column":54}},"11":{"start":{"line":20,"column":8},"end":{"line":20,"column":96}},"12":{"start":{"line":5,"column":13},"end":{"line":5,"column":39}},"13":{"start":{"line":26,"column":40},"end":{"line":36,"column":1}},"14":{"start":{"line":27,"column":2},"end":{"line":35,"column":3}},"15":{"start":{"line":28,"column":21},"end":{"line":28,"column":50}},"16":{"start":{"line":29,"column":4},"end":{"line":29,"column":26}},"17":{"start":{"line":31,"column":4},"end":{"line":31,"column":90}},"18":{"start":{"line":33,"column":4},"end":{"line":33,"column":52}},"19":{"start":{"line":34,"column":4},"end":{"line":34,"column":92}},"20":{"start":{"line":26,"column":13},"end":{"line":26,"column":40}},"21":{"start":{"line":40,"column":40},"end":{"line":59,"column":1}},"22":{"start":{"line":41,"column":4},"end":{"line":58,"column":5}},"23":{"start":{"line":42,"column":26},"end":{"line":42,"column":56}},"24":{"start":{"line":43,"column":8},"end":{"line":43,"column":46}},"25":{"start":{"line":44,"column":8},"end":{"line":46,"column":9}},"26":{"start":{"line":45,"column":12},"end":{"line":45,"column":75}},"27":{"start":{"line":48,"column":24},"end":{"line":48,"column":62}},"28":{"start":{"line":49,"column":8},"end":{"line":49,"column":41}},"29":{"start":{"line":51,"column":8},"end":{"line":53,"column":9}},"30":{"start":{"line":52,"column":12},"end":{"line":52,"column":74}},"31":{"start":{"line":54,"column":8},"end":{"line":54,"column":92}},"32":{"start":{"line":56,"column":8},"end":{"line":56,"column":57}},"33":{"start":{"line":57,"column":8},"end":{"line":57,"column":96}},"34":{"start":{"line":40,"column":13},"end":{"line":40,"column":40}},"35":{"start":{"line":62,"column":43},"end":{"line":89,"column":1}},"36":{"start":{"line":63,"column":4},"end":{"line":88,"column":5}},"37":{"start":{"line":64,"column":26},"end":{"line":64,"column":56}},"38":{"start":{"line":65,"column":8},"end":{"line":67,"column":9}},"39":{"start":{"line":66,"column":12},"end":{"line":66,"column":75}},"40":{"start":{"line":69,"column":24},"end":{"line":69,"column":32}},"41":{"start":{"line":70,"column":8},"end":{"line":70,"column":51}},"42":{"start":{"line":73,"column":32},"end":{"line":73,"column":70}},"43":{"start":{"line":74,"column":8},"end":{"line":76,"column":9}},"44":{"start":{"line":75,"column":12},"end":{"line":75,"column":74}},"45":{"start":{"line":79,"column":31},"end":{"line":79,"column":81}},"46":{"start":{"line":80,"column":8},"end":{"line":84,"column":9}},"47":{"start":{"line":81,"column":12},"end":{"line":81,"column":101}},"48":{"start":{"line":83,"column":12},"end":{"line":83,"column":81}},"49":{"start":{"line":86,"column":8},"end":{"line":86,"column":60}},"50":{"start":{"line":87,"column":8},"end":{"line":87,"column":96}},"51":{"start":{"line":62,"column":13},"end":{"line":62,"column":43}},"52":{"start":{"line":93,"column":39},"end":{"line":115,"column":1}},"53":{"start":{"line":94,"column":4},"end":{"line":114,"column":5}},"54":{"start":{"line":95,"column":26},"end":{"line":95,"column":56}},"55":{"start":{"line":96,"column":8},"end":{"line":98,"column":9}},"56":{"start":{"line":97,"column":12},"end":{"line":97,"column":75}},"57":{"start":{"line":100,"column":32},"end":{"line":100,"column":70}},"58":{"start":{"line":101,"column":8},"end":{"line":103,"column":9}},"59":{"start":{"line":102,"column":12},"end":{"line":102,"column":74}},"60":{"start":{"line":105,"column":31},"end":{"line":105,"column":68}},"61":{"start":{"line":106,"column":8},"end":{"line":110,"column":9}},"62":{"start":{"line":107,"column":12},"end":{"line":107,"column":101}},"63":{"start":{"line":109,"column":12},"end":{"line":109,"column":81}},"64":{"start":{"line":112,"column":8},"end":{"line":112,"column":60}},"65":{"start":{"line":113,"column":8},"end":{"line":113,"column":96}},"66":{"start":{"line":93,"column":13},"end":{"line":93,"column":39}}},"fnMap":{"0":{"name":"(anonymous_0)","decl":{"start":{"line":5,"column":39},"end":{"line":5,"column":44}},"loc":{"start":{"line":5,"column":77},"end":{"line":22,"column":1}}},"1":{"name":"(anonymous_1)","decl":{"start":{"line":26,"column":40},"end":{"line":26,"column":45}},"loc":{"start":{"line":26,"column":78},"end":{"line":36,"column":1}}},"2":{"name":"(anonymous_2)","decl":{"start":{"line":40,"column":40},"end":{"line":40,"column":45}},"loc":{"start":{"line":40,"column":78},"end":{"line":59,"column":1}}},"3":{"name":"(anonymous_3)","decl":{"start":{"line":62,"column":43},"end":{"line":62,"column":48}},"loc":{"start":{"line":62,"column":81},"end":{"line":89,"column":1}}},"4":{"name":"(anonymous_4)","decl":{"start":{"line":93,"column":39},"end":{"line":93,"column":44}},"loc":{"start":{"line":93,"column":77},"end":{"line":115,"column":1}}}},"branchMap":{"0":{"loc":{"start":{"line":13,"column":8},"end":{"line":17,"column":9}},"type":"if","locations":[{"start":{"line":13,"column":8},"end":{"line":17,"column":9}},{"start":{"line":15,"column":15},"end":{"line":17,"column":9}}]},"1":{"loc":{"start":{"line":44,"column":8},"end":{"line":46,"column":9}},"type":"if","locations":[{"start":{"line":44,"column":8},"end":{"line":46,"column":9}},{"start":{},"end":{}}]},"2":{"loc":{"start":{"line":51,"column":8},"end":{"line":53,"column":9}},"type":"if","locations":[{"start":{"line":51,"column":8},"end":{"line":53,"column":9}},{"start":{},"end":{}}]},"3":{"loc":{"start":{"line":65,"column":8},"end":{"line":67,"column":9}},"type":"if","locations":[{"start":{"line":65,"column":8},"end":{"line":67,"column":9}},{"start":{},"end":{}}]},"4":{"loc":{"start":{"line":74,"column":8},"end":{"line":76,"column":9}},"type":"if","locations":[{"start":{"line":74,"column":8},"end":{"line":76,"column":9}},{"start":{},"end":{}}]},"5":{"loc":{"start":{"line":80,"column":8},"end":{"line":84,"column":9}},"type":"if","locations":[{"start":{"line":80,"column":8},"end":{"line":84,"column":9}},{"start":{"line":82,"column":15},"end":{"line":84,"column":9}}]},"6":{"loc":{"start":{"line":96,"column":8},"end":{"line":98,"column":9}},"type":"if","locations":[{"start":{"line":96,"column":8},"end":{"line":98,"column":9}},{"start":{},"end":{}}]},"7":{"loc":{"start":{"line":101,"column":8},"end":{"line":103,"column":9}},"type":"if","locations":[{"start":{"line":101,"column":8},"end":{"line":103,"column":9}},{"start":{},"end":{}}]},"8":{"loc":{"start":{"line":106,"column":8},"end":{"line":110,"column":9}},"type":"if","locations":[{"start":{"line":106,"column":8},"end":{"line":110,"column":9}},{"start":{"line":108,"column":15},"end":{"line":110,"column":9}}]}},"s":{"0":6,"1":6,"2":1,"3":1,"4":1,"5":1,"6":1,"7":1,"8":1,"9":0,"10":0,"11":0,"12":6,"13":6,"14":1,"15":1,"16":1,"17":1,"18":0,"19":0,"20":6,"21":6,"22":2,"23":2,"24":2,"25":2,"26":0,"27":2,"28":2,"29":2,"30":1,"31":1,"32":0,"33":0,"34":6,"35":6,"36":1,"37":1,"38":1,"39":0,"40":1,"41":1,"42":1,"43":1,"44":0,"45":1,"46":1,"47":1,"48":0,"49":0,"50":0,"51":6,"52":6,"53":1,"54":1,"55":1,"56":0,"57":1,"58":1,"59":0,"60":1,"61":1,"62":1,"63":0,"64":0,"65":0,"66":6},"f":{"0":1,"1":1,"2":2,"3":1,"4":1},"b":{"0":[1,0],"1":[0,2],"2":[1,1],"3":[0,1],"4":[0,1],"5":[1,0],"6":[0,1],"7":[0,1],"8":[1,0]}}
,"C:\\Users\\Admin\\Desktop\\Teach2Give Assignments\\Final Cohort Project\\ET-VB-MS-Backend\\src\\Payment\\payment.router.ts": {"path":"C:\\Users\\Admin\\Desktop\\Teach2Give Assignments\\Final Cohort Project\\ET-VB-MS-Backend\\src\\Payment\\payment.router.ts","statementMap":{"0":{"start":{"line":2,"column":0},"end":{"line":2,"column":169}},"1":{"start":{"line":4,"column":16},"end":{"line":59,"column":1}},"2":{"start":{"line":6,"column":4},"end":{"line":14,"column":6}},"3":{"start":{"line":8,"column":12},"end":{"line":12,"column":13}},"4":{"start":{"line":9,"column":16},"end":{"line":9,"column":56}},"5":{"start":{"line":11,"column":16},"end":{"line":11,"column":28}},"6":{"start":{"line":17,"column":4},"end":{"line":25,"column":6}},"7":{"start":{"line":19,"column":12},"end":{"line":23,"column":13}},"8":{"start":{"line":20,"column":16},"end":{"line":20,"column":57}},"9":{"start":{"line":22,"column":16},"end":{"line":22,"column":28}},"10":{"start":{"line":28,"column":4},"end":{"line":36,"column":6}},"11":{"start":{"line":30,"column":12},"end":{"line":34,"column":13}},"12":{"start":{"line":31,"column":16},"end":{"line":31,"column":57}},"13":{"start":{"line":33,"column":16},"end":{"line":33,"column":28}},"14":{"start":{"line":39,"column":4},"end":{"line":47,"column":6}},"15":{"start":{"line":41,"column":12},"end":{"line":45,"column":13}},"16":{"start":{"line":42,"column":16},"end":{"line":42,"column":60}},"17":{"start":{"line":44,"column":16},"end":{"line":44,"column":28}},"18":{"start":{"line":50,"column":4},"end":{"line":58,"column":6}},"19":{"start":{"line":52,"column":12},"end":{"line":56,"column":13}},"20":{"start":{"line":53,"column":16},"end":{"line":53,"column":56}},"21":{"start":{"line":55,"column":16},"end":{"line":55,"column":28}},"22":{"start":{"line":61,"column":0},"end":{"line":61,"column":23}}},"fnMap":{"0":{"name":"(anonymous_0)","decl":{"start":{"line":4,"column":16},"end":{"line":4,"column":17}},"loc":{"start":{"line":4,"column":33},"end":{"line":59,"column":1}}},"1":{"name":"(anonymous_1)","decl":{"start":{"line":7,"column":8},"end":{"line":7,"column":13}},"loc":{"start":{"line":7,"column":33},"end":{"line":13,"column":9}}},"2":{"name":"(anonymous_2)","decl":{"start":{"line":18,"column":8},"end":{"line":18,"column":13}},"loc":{"start":{"line":18,"column":33},"end":{"line":24,"column":9}}},"3":{"name":"(anonymous_3)","decl":{"start":{"line":29,"column":8},"end":{"line":29,"column":13}},"loc":{"start":{"line":29,"column":33},"end":{"line":35,"column":9}}},"4":{"name":"(anonymous_4)","decl":{"start":{"line":40,"column":8},"end":{"line":40,"column":13}},"loc":{"start":{"line":40,"column":33},"end":{"line":46,"column":9}}},"5":{"name":"(anonymous_5)","decl":{"start":{"line":51,"column":8},"end":{"line":51,"column":13}},"loc":{"start":{"line":51,"column":33},"end":{"line":57,"column":9}}}},"branchMap":{},"s":{"0":6,"1":6,"2":6,"3":1,"4":1,"5":0,"6":6,"7":1,"8":1,"9":0,"10":6,"11":2,"12":2,"13":0,"14":6,"15":1,"16":1,"17":0,"18":6,"19":1,"20":1,"21":0,"22":6},"f":{"0":6,"1":1,"2":1,"3":2,"4":1,"5":1},"b":{}}
,"C:\\Users\\Admin\\Desktop\\Teach2Give Assignments\\Final Cohort Project\\ET-VB-MS-Backend\\src\\Payment\\payment.service.ts": {"path":"C:\\Users\\Admin\\Desktop\\Teach2Give Assignments\\Final Cohort Project\\ET-VB-MS-Backend\\src\\Payment\\payment.service.ts","statementMap":{"0":{"start":{"line":1,"column":0},"end":{"line":1,"column":33}},"1":{"start":{"line":2,"column":0},"end":{"line":2,"column":31}},"2":{"start":{"line":3,"column":0},"end":{"line":3,"column":60}},"3":{"start":{"line":7,"column":36},"end":{"line":13,"column":1}},"4":{"start":{"line":8,"column":21},"end":{"line":8,"column":78}},"5":{"start":{"line":9,"column":8},"end":{"line":11,"column":9}},"6":{"start":{"line":10,"column":12},"end":{"line":10,"column":28}},"7":{"start":{"line":12,"column":8},"end":{"line":12,"column":20}},"8":{"start":{"line":7,"column":13},"end":{"line":7,"column":36}},"9":{"start":{"line":16,"column":37},"end":{"line":29,"column":1}},"10":{"start":{"line":17,"column":19},"end":{"line":22,"column":4}},"11":{"start":{"line":24,"column":2},"end":{"line":26,"column":3}},"12":{"start":{"line":25,"column":4},"end":{"line":25,"column":31}},"13":{"start":{"line":28,"column":2},"end":{"line":28,"column":18}},"14":{"start":{"line":16,"column":13},"end":{"line":16,"column":37}},"15":{"start":{"line":33,"column":37},"end":{"line":43,"column":1}},"16":{"start":{"line":34,"column":20},"end":{"line":40,"column":6}},"17":{"start":{"line":42,"column":4},"end":{"line":42,"column":27}},"18":{"start":{"line":33,"column":13},"end":{"line":33,"column":37}},"19":{"start":{"line":46,"column":40},"end":{"line":54,"column":1}},"20":{"start":{"line":47,"column":18},"end":{"line":51,"column":16}},"21":{"start":{"line":53,"column":2},"end":{"line":53,"column":20}},"22":{"start":{"line":46,"column":13},"end":{"line":46,"column":40}},"23":{"start":{"line":58,"column":36},"end":{"line":65,"column":1}},"24":{"start":{"line":59,"column":20},"end":{"line":60,"column":65}},"25":{"start":{"line":61,"column":4},"end":{"line":63,"column":5}},"26":{"start":{"line":62,"column":8},"end":{"line":62,"column":35}},"27":{"start":{"line":64,"column":4},"end":{"line":64,"column":42}},"28":{"start":{"line":58,"column":13},"end":{"line":58,"column":36}}},"fnMap":{"0":{"name":"(anonymous_1)","decl":{"start":{"line":7,"column":36},"end":{"line":7,"column":41}},"loc":{"start":{"line":7,"column":65},"end":{"line":13,"column":1}}},"1":{"name":"(anonymous_2)","decl":{"start":{"line":16,"column":37},"end":{"line":16,"column":42}},"loc":{"start":{"line":16,"column":48},"end":{"line":29,"column":1}}},"2":{"name":"(anonymous_3)","decl":{"start":{"line":33,"column":37},"end":{"line":33,"column":42}},"loc":{"start":{"line":33,"column":65},"end":{"line":43,"column":1}}},"3":{"name":"(anonymous_4)","decl":{"start":{"line":46,"column":40},"end":{"line":46,"column":45}},"loc":{"start":{"line":46,"column":88},"end":{"line":54,"column":1}}},"4":{"name":"(anonymous_5)","decl":{"start":{"line":58,"column":36},"end":{"line":58,"column":41}},"loc":{"start":{"line":58,"column":64},"end":{"line":65,"column":1}}}},"branchMap":{"0":{"loc":{"start":{"line":9,"column":8},"end":{"line":11,"column":9}},"type":"if","locations":[{"start":{"line":9,"column":8},"end":{"line":11,"column":9}},{"start":{},"end":{}}]},"1":{"loc":{"start":{"line":24,"column":2},"end":{"line":26,"column":3}},"type":"if","locations":[{"start":{"line":24,"column":2},"end":{"line":26,"column":3}},{"start":{},"end":{}}]},"2":{"loc":{"start":{"line":42,"column":11},"end":{"line":42,"column":26}},"type":"binary-expr","locations":[{"start":{"line":42,"column":11},"end":{"line":42,"column":18}},{"start":{"line":42,"column":22},"end":{"line":42,"column":26}}]},"3":{"loc":{"start":{"line":61,"column":4},"end":{"line":63,"column":5}},"type":"if","locations":[{"start":{"line":61,"column":4},"end":{"line":63,"column":5}},{"start":{},"end":{}}]}},"s":{"0":7,"1":7,"2":7,"3":7,"4":2,"5":2,"6":2,"7":0,"8":7,"9":7,"10":3,"11":3,"12":1,"13":2,"14":7,"15":7,"16":5,"17":5,"18":7,"19":7,"20":2,"21":2,"22":7,"23":7,"24":3,"25":3,"26":1,"27":2,"28":7},"f":{"0":2,"1":3,"2":5,"3":2,"4":3},"b":{"0":[2,0],"1":[1,2],"2":[5,1],"3":[1,2]}}
,"C:\\Users\\Admin\\Desktop\\Teach2Give Assignments\\Final Cohort Project\\ET-VB-MS-Backend\\src\\Support\\support.controller.ts": {"path":"C:\\Users\\Admin\\Desktop\\Teach2Give Assignments\\Final Cohort Project\\ET-VB-MS-Backend\\src\\Support\\support.controller.ts","statementMap":{"0":{"start":{"line":2,"column":0},"end":{"line":2,"column":190}},"1":{"start":{"line":5,"column":47},"end":{"line":22,"column":1}},"2":{"start":{"line":6,"column":4},"end":{"line":21,"column":5}},"3":{"start":{"line":7,"column":23},"end":{"line":7,"column":31}},"4":{"start":{"line":8,"column":8},"end":{"line":8,"column":28}},"5":{"start":{"line":10,"column":26},"end":{"line":10,"column":68}},"6":{"start":{"line":12,"column":8},"end":{"line":12,"column":31}},"7":{"start":{"line":13,"column":8},"end":{"line":17,"column":9}},"8":{"start":{"line":14,"column":12},"end":{"line":14,"column":112}},"9":{"start":{"line":16,"column":12},"end":{"line":16,"column":97}},"10":{"start":{"line":19,"column":8},"end":{"line":19,"column":70}},"11":{"start":{"line":20,"column":8},"end":{"line":20,"column":74}},"12":{"start":{"line":5,"column":13},"end":{"line":5,"column":47}},"13":{"start":{"line":25,"column":47},"end":{"line":37,"column":1}},"14":{"start":{"line":26,"column":4},"end":{"line":36,"column":5}},"15":{"start":{"line":27,"column":24},"end":{"line":27,"column":60}},"16":{"start":{"line":29,"column":8},"end":{"line":31,"column":9}},"17":{"start":{"line":30,"column":12},"end":{"line":30,"column":90}},"18":{"start":{"line":32,"column":8},"end":{"line":32,"column":109}},"19":{"start":{"line":34,"column":8},"end":{"line":34,"column":72}},"20":{"start":{"line":35,"column":8},"end":{"line":35,"column":96}},"21":{"start":{"line":25,"column":13},"end":{"line":25,"column":47}},"22":{"start":{"line":40,"column":48},"end":{"line":56,"column":1}},"23":{"start":{"line":41,"column":4},"end":{"line":55,"column":5}},"24":{"start":{"line":42,"column":25},"end":{"line":42,"column":54}},"25":{"start":{"line":43,"column":8},"end":{"line":45,"column":9}},"26":{"start":{"line":44,"column":12},"end":{"line":44,"column":74}},"27":{"start":{"line":46,"column":23},"end":{"line":46,"column":68}},"28":{"start":{"line":48,"column":8},"end":{"line":50,"column":9}},"29":{"start":{"line":49,"column":12},"end":{"line":49,"column":90}},"30":{"start":{"line":51,"column":8},"end":{"line":51,"column":107}},"31":{"start":{"line":53,"column":8},"end":{"line":53,"column":73}},"32":{"start":{"line":54,"column":8},"end":{"line":54,"column":96}},"33":{"start":{"line":40,"column":13},"end":{"line":40,"column":48}},"34":{"start":{"line":59,"column":51},"end":{"line":86,"column":1}},"35":{"start":{"line":60,"column":2},"end":{"line":85,"column":3}},"36":{"start":{"line":61,"column":21},"end":{"line":61,"column":50}},"37":{"st
[...]
15,"column":13},"end":{"line":15,"column":44}},"15":{"start":{"line":29,"column":45},"end":{"line":37,"column":1}},"16":{"start":{"line":30,"column":19},"end":{"line":35,"column":6}},"17":{"start":{"line":36,"column":4},"end":{"line":36,"column":26}},"18":{"start":{"line":29,"column":13},"end":{"line":29,"column":45}},"19":{"start":{"line":40,"column":48},"end":{"line":47,"column":1}},"20":{"start":{"line":41,"column":18},"end":{"line":44,"column":16}},"21":{"start":{"line":46,"column":2},"end":{"line":46,"column":20}},"22":{"start":{"line":40,"column":13},"end":{"line":40,"column":48}},"23":{"start":{"line":52,"column":44},"end":{"line":59,"column":1}},"24":{"start":{"line":53,"column":20},"end":{"line":54,"column":71}},"25":{"start":{"line":55,"column":4},"end":{"line":57,"column":5}},"26":{"start":{"line":56,"column":8},"end":{"line":56,"column":51}},"27":{"start":{"line":58,"column":4},"end":{"line":58,"column":58}},"28":{"start":{"line":52,"column":13},"end":{"line":52,"column":44}}},"fnMap":{"0":{"name":"(anonymous_1)","decl":{"start":{"line":6,"column":44},"end":{"line":6,"column":49}},"loc":{"start":{"line":6,"column":66},"end":{"line":12,"column":1}}},"1":{"name":"(anonymous_2)","decl":{"start":{"line":15,"column":44},"end":{"line":15,"column":49}},"loc":{"start":{"line":15,"column":55},"end":{"line":26,"column":1}}},"2":{"name":"(anonymous_3)","decl":{"start":{"line":29,"column":45},"end":{"line":29,"column":50}},"loc":{"start":{"line":29,"column":72},"end":{"line":37,"column":1}}},"3":{"name":"(anonymous_4)","decl":{"start":{"line":40,"column":48},"end":{"line":40,"column":53}},"loc":{"start":{"line":40,"column":102},"end":{"line":47,"column":1}}},"4":{"name":"(anonymous_5)","decl":{"start":{"line":52,"column":44},"end":{"line":52,"column":49}},"loc":{"start":{"line":52,"column":71},"end":{"line":59,"column":1}}}},"branchMap":{"0":{"loc":{"start":{"line":8,"column":4},"end":{"line":10,"column":5}},"type":"if","locations":[{"start":{"line":8,"column":4},"end":{"line":10,"column":5}},{"start":{},"end":{}}]},"1":{"loc":{"start":{"line":22,"column":4},"end":{"line":24,"column":5}},"type":"if","locations":[{"start":{"line":22,"column":4},"end":{"line":24,"column":5}},{"start":{},"end":{}}]},"2":{"loc":{"start":{"line":36,"column":11},"end":{"line":36,"column":25}},"type":"binary-expr","locations":[{"start":{"line":36,"column":11},"end":{"line":36,"column":17}},{"start":{"line":36,"column":21},"end":{"line":36,"column":25}}]},"3":{"loc":{"start":{"line":55,"column":4},"end":{"line":57,"column":5}},"type":"if","locations":[{"start":{"line":55,"column":4},"end":{"line":57,"column":5}},{"start":{},"end":{}}]}},"s":{"0":7,"1":7,"2":7,"3":7,"4":2,"5":2,"6":2,"7":0,"8":7,"9":7,"10":3,"11":3,"12":1,"13":2,"14":7,"15":7,"16":5,"17":5,"18":7,"19":7,"20":2,"21":2,"22":7,"23":7,"24":3,"25":3,"26":1,"27":2,"28":7},"f":{"0":2,"1":3,"2":5,"3":2,"4":3},"b":{"0":[2,0],"1":[1,2],"2":[5,1],"3":[1,2]}}
,"C:\\Users\\Admin\\Desktop\\Teach2Give Assignments\\Final Cohort Project\\ET-VB-MS-Backend\\src\\Utils\\mailer.ts": {"path":"C:\\Users\\Admin\\Desktop\\Teach2Give Assignments\\Final Cohort Project\\ET-VB-MS-Backend\\src\\Utils\\mailer.ts","statementMap":{"0":{"start":{"line":1,"column":0},"end":{"line":1,"column":36}},"1":{"start":{"line":3,"column":25},"end":{"line":42,"column":1}},"2":{"start":{"line":9,"column":4},"end":{"line":41,"column":5}},"3":{"start":{"line":10,"column":28},"end":{"line":19,"column":10}},"4":{"start":{"line":21,"column":56},"end":{"line":27,"column":10}},"5":{"start":{"line":29,"column":24},"end":{"line":29,"column":63}},"6":{"start":{"line":30,"column":8},"end":{"line":30,"column":40}},"7":{"start":{"line":32,"column":8},"end":{"line":38,"column":9}},"8":{"start":{"line":33,"column":12},"end":{"line":33,"column":45}},"9":{"start":{"line":34,"column":15},"end":{"line":38,"column":9}},"10":{"start":{"line":35,"column":12},"end":{"line":35,"column":36}},"11":{"start":{"line":37,"column":12},"end":{"line":37,"column":40}},"12":{"start":{"line":40,"column":8},"end":{"line":40,"column":56}},"13":{"start":{"line":3,"column":13},"end":{"line":3,"column":25}}},"fnMap":{"0":{"name":"(anonymous_1)","decl":{"start":{"line":3,"column":25},"end":{"line":3,"column":30}},"loc":{"start":{"line":8,"column":4},"end":{"line":42,"column":1}}}},"branchMap":{"0":{"loc":{"start":{"line":32,"column":8},"end":{"line":38,"column":9}},"type":"if","locations":[{"start":{"line":32,"column":8},"end":{"line":38,"column":9}},{"start":{"line":34,"column":15},"end":{"line":38,"column":9}}]},"1":{"loc":{"start":{"line":34,"column":15},"end":{"line":38,"column":9}},"type":"if","locations":[{"start":{"line":34,"column":15},"end":{"line":38,"column":9}},{"start":{"line":36,"column":15},"end":{"line":38,"column":9}}]}},"s":{"0":6,"1":6,"2":2,"3":2,"4":2,"5":2,"6":2,"7":2,"8":2,"9":0,"10":0,"11":0,"12":0,"13":6},"f":{"0":2},"b":{"0":[2,0],"1":[0,0]}}
,"C:\\Users\\Admin\\Desktop\\Teach2Give Assignments\\Final Cohort Project\\ET-VB-MS-Backend\\src\\Venue\\venue.controller.ts": {"path":"C:\\Users\\Admin\\Desktop\\Teach2Give Assignments\\Final Cohort Project\\ET-VB-MS-Backend\\src\\Venue\\venue.controller.ts","statementMap":{"0":{"start":{"line":2,"column":0},"end":{"line":2,"column":143}},"1":{"start":{"line":5,"column":37},"end":{"line":20,"column":1}},"2":{"start":{"line":6,"column":2},"end":{"line":19,"column":3}},"3":{"start":{"line":7,"column":18},"end":{"line":7,"column":26}},"4":{"start":{"line":8,"column":4},"end":{"line":8,"column":23}},"5":{"start":{"line":10,"column":21},"end":{"line":10,"column":52}},"6":{"start":{"line":11,"column":4},"end":{"line":11,"column":48}},"7":{"start":{"line":12,"column":4},"end":{"line":14,"column":5}},"8":{"start":{"line":13,"column":6},"end":{"line":13,"column":87}},"9":{"start":{"line":15,"column":4},"end":{"line":15,"column":71}},"10":{"start":{"line":17,"column":4},"end":{"line":17,"column":50}},"11":{"start":{"line":18,"column":4},"end":{"line":18,"column":70}},"12":{"start":{"line":5,"column":13},"end":{"line":5,"column":37}},"13":{"start":{"line":23,"column":38},"end":{"line":35,"column":1}},"14":{"start":{"line":24,"column":2},"end":{"line":34,"column":3}},"15":{"start":{"line":25,"column":19},"end":{"line":25,"column":46}},"16":{"start":{"line":27,"column":4},"end":{"line":29,"column":5}},"17":{"start":{"line":28,"column":6},"end":{"line":28,"column":66}},"18":{"start":{"line":30,"column":4},"end":{"line":30,"column":86}},"19":{"start":{"line":32,"column":4},"end":{"line":32,"column":53}},"20":{"start":{"line":33,"column":4},"end":{"line":33,"column":70}},"21":{"start":{"line":23,"column":13},"end":{"line":23,"column":38}},"22":{"start":{"line":38,"column":38},"end":{"line":54,"column":1}},"23":{"start":{"line":39,"column":2},"end":{"line":53,"column":3}},"24":{"start":{"line":40,"column":20},"end":{"line":40,"column":43}},"25":{"start":{"line":41,"column":4},"end":{"line":43,"column":5}},"26":{"start":{"line":42,"column":6},"end":{"line":42,"column":67}},"27":{"start":{"line":44,"column":18},"end":{"line":44,"column":52}},"28":{"start":{"line":46,"column":4},"end":{"line":48,"column":5}},"29":{"start":{"line":47,"column":6},"end":{"line":47,"column":66}},"30":{"start":{"line":49,"column":4},"end":{"line":49,"column":84}},"31":{"start":{"line":51,"column":4},"end":{"line":51,"column":52}},"32":{"start":{"line":52,"column":4},"end":{"line":52,"column":70}},"33":{"start":{"line":38,"column":13},"end":{"line":38,"column":38}},"34":{"start":{"line":57,"column":41},"end":{"line":82,"column":1}},"35":{"start":{"line":58,"column":2},"end":{"line":81,"column":3}},"36":{"start":{"line":59,"column":20},"end":{"line":59,"column":48}},"37":{"start":{"line":60,"column":4},"end":{"line":62,"column":5}},"38":{"start":{"line":61,"column":6},"end":{"line":61,"column":67}},"39":{"start":{"line":63,"column":22},"end":{"line":63,"column":30}},"40":{"start":{"line":64,"column":4},"end":{"line":64,"column":52}},"41":{"start":{"line":67,"column":26},"end":{"line":67,"column":60}},"42":{"start":{"line":68,"column":4},"end":{"line":70,"column":5}},"43":{"start":{"line":69,"column":6},"end":{"line":69,"column":66}},"44":{"start":{"line":72,"column":25},"end":{"line":72,"column":73}},"45":{"start":{"line":73,"column":4},"end":{"line":77,"column":5}},"46":{"start":{"line":74,"column":6},"end":{"line":74,"column":91}},"47":{"start":{"line":76,"column":8},"end":{"line":76,"column":75}},"48":{"start":{"line":79,"column":4},"end":{"line":79,"column":50}},"49":{"start":{"line":80,"column":4},"end":{"line":80,"column":92}},"50":{"start":{"line":57,"column":13},"end":{"line":57,"column":41}},"51":{"start":{"line":85,"column":41},"end":{"line":106,"column":1}},"52":{"start":{"line":86,"column":2},"end":{"line":105,"column":3}},"53":{"start":{"line":87,"column":20},"end":{"line":87,"column":48}},"54":{"start":{"line":88,"column":4},"end":{"line":90,"column":5}},"55":{"start":{"line":89,"column":6},"end":{"line":89,"column":67}},"56":{"start":{"line":92,"column":26},"end":{"line":92,"column":60}},"57":{"start":{"line":93,"column":4},"end":{"line":95,"column":5}},"58":{"start":{"line":94,"column":6},"end":{"line":94,"column":66}},"59":{"start":{"line":97,"column":20},"end":{"line":97,"column":57}},"60":{"start":{"line":98,"column":4},"end":{"line":100,"column":5}},"61":{"start":{"line":99,"column":6},"end":{"line":99,"column":66}},"62":{"start":{"line":101,"column":4},"end":{"line":101,"column":75}},"63":{"start":{"line":103,"column":4},"end":{"line":103,"column":50}},"64":{"start":{"line":104,"column":4},"end":{"line":104,"column":92}},"65":{"start":{"line":85,"column":13},"end":{"line":85,"column":41}}},"fnMap":{"0":{"name":"(anonymous_0)","decl":{"start":{"line":5,"column":37},"end":{"line":5,"column":42}},"loc":{"start":{"line":5,"column":75},"end":{"line":20,"column":1}}},"1":{"name":"(anonymous_1)","decl":{"start":{"line":23,"column":38},"end":{"line":23,"column":43}},"loc":{"start":{"line":23,"column":76},"end":{"line":35,"column":1}}},"2":{"name":"(anonymous_2)","decl":{"start":{"line":38,"column":38},"end":{"line":38,"column":43}},"loc":{"start":{"line":38,"column":76},"end":{"line":54,"column":1}}},"3":{"name":"(anonymous_3)","decl":{"start":{"line":57,"column":41},"end":{"line":57,"column":46}},"loc":{"start":{"line":57,"column":79},"end":{"line":82,"column":1}}},"4":{"name":"(anonymous_4)","decl":{"start":{"line":85,"column":41},"end":{"line":85,"column":46}},"loc":{"start":{"line":85,"column":79},"end":{"line":106,"column":1}}}},"branchMap":{"0":{"loc":{"start":{"line":12,"column":4},"end":{"line":14,"column":5}},"type":"if","locations":[{"start":{"line":12,"column":4},"end":{"line":14,"column":5}},{"start":{},"end":{}}]},"1":{"loc":{"start":{"line":27,"column":4},"end":{"line":29,"column":5}},"type":"if","locations":[{"start":{"line":27,"column":4},"end":{"line":29,"column":5}},{"start":{},"end":{}}]},"2":{"loc":{"start":{"line":41,"column":4},"end":{"line":43,"column":5}},"type":"if","locations":[{"start":{"line":41,"column":4},"end":{"line":43,"column":5}},{"start":{},"end":{}}]},"3":{"loc":{"start":{"line":46,"column":4},"end":{"line":48,"column":5}},"type":"if","locations":[{"start":{"line":46,"column":4},"end":{"line":48,"column":5}},{"start":{},"end":{}}]},"4":{"loc":{"start":{"line":60,"column":4},"end":{"line":62,"column":5}},"type":"if","locations":[{"start":{"line":60,"column":4},"end":{"line":62,"column":5}},{"start":{},"end":{}}]},"5":{"loc":{"start":{"line":68,"column":4},"end":{"line":70,"column":5}},"type":"if","locations":[{"start":{"line":68,"column":4},"end":{"line":70,"column":5}},{"start":{},"end":{}}]},"6":{"loc":{"start":{"line":73,"column":4},"end":{"line":77,"column":5}},"type":"if","locations":[{"start":{"line":73,"column":4},"end":{"line":77,"column":5}},{"start":{"line":75,"column":11},"end":{"line":77,"column":5}}]},"7":{"loc":{"start":{"line":88,"column":4},"end":{"line":90,"column":5}},"type":"if","locations":[{"start":{"line":88,"column":4},"end":{"line":90,"column":5}},{"start":{},"end":{}}]},"8":{"loc":{"start":{"line":93,"column":4},"end":{"line":95,"column":5}},"type":"if","locations":[{"start":{"line":93,"column":4},"end":{"line":95,"column":5}},{"start":{},"end":{}}]},"9":{"loc":{"start":{"line":98,"column":4},"end":{"line":100,"column":5}},"type":"if","locations":[{"start":{"line":98,"column":4},"end":{"line":100,"column":5}},{"start":{},"end":{}}]}},"s":{"0":6,"1":6,"2":3,"3":3,"4":3,"5":3,"6":3,"7":3,"8":3,"9":0,"10":0,"11":0,"12":6,"13":6,"14":1,"15":1,"16":1,"17":0,"18":1,"19":0,"20":0,"21":6,"22":6,"23":2,"24":2,"25":2,"26":0,"27":2,"28":2,"29":1,"30":1,"31":0,"32":0,"33":6,"34":6,"35":1,"36":1,"37":1,"38":0,"39":1,"40":1,"41":1,"42":1,"43":0,"44":1,"45":1,"46":1,"47":0,"48":0,"49":0,"50":6,"51":6,"52":2,"53":2,"54":2,"55":0,"56":2,"57":2,"58":0,"59":2,"60":2,"61":0,"62":2,"63":0,"64":0,"65":6},"f":{"0":3,"1":1,"2":2,"3":1,"4":2},"b":{"0":[3,0],"1":[0,1],"2":[0,2],"3":[1,1],"4":[0,1],"5":[0,1],"6":[1,0],"7":[0,2],"8":[0,2],"9":[0,2]}}
,"C:\\Users\\Admin\\Desktop\\Teach2Give Assignments\\Final Cohort Project\\ET-VB-MS-Backend\\src\\Venue\\venue.router.ts": {"path":"C:\\Users\\Admin\\Desktop\\Teach2Give Assignments\\Final Cohort Project\\ET-VB-MS-Backend\\src\\Venue\\venue.router.ts","statementMap":{"0":{"start":{"line":2,"column":0},"end":{"line":2,"column":161}},"1":{"start":{"line":4,"column":14},"end":{"line":59,"column":1}},"2":{"start":{"line":6,"column":4},"end":{"line":14,"column":6}},"3":{"start":{"line":8,"column":12},"end":{"line":12,"column":13}},"4":{"start":{"line":9,"column":16},"end":{"line":9,"column":54}},"5":{"start":{"line":11,"column":16},"end":{"line":11,"column":28}},"6":{"start":{"line":17,"column":4},"end":{"line":25,"column":6}},"7":{"start":{"line":19,"column":12},"end":{"line":23,"column":13}},"8":{"start":{"line":20,"column":16},"end":{"line":20,"column":55}},"9":{"start":{"line":22,"column":16},"end":{"line":22,"column":28}},"10":{"start":{"line":28,"column":4},"end":{"line":36,"column":6}},"11":{"start":{"line":30,"column":12},"end":{"line":34,"column":13}},"12":{"start":{"line":31,"column":16},"end":{"line":31,"column":55}},"13":{"start":{"line":33,"column":16},"end":{"line":33,"column":28}},"14":{"start":{"line":39,"column":4},"end":{"line":47,"column":6}},"15":{"start":{"line":41,"column":12},"end":{"line":45,"column":13}},"16":{"start":{"line":42,"column":16},"end":{"line":42,"column":58}},"17":{"start":{"line":44,"column":16},"end":{"line":44,"column":28}},"18":{"start":{"line":50,"column":4},"end":{"line":58,"column":6}},"19":{"start":{"line":52,"column":12},"end":{"line":56,"column":13}},"20":{"start":{"line":53,"column":16},"end":{"line":53,"column":58}},"21":{"start":{"line":55,"column":16},"end":{"line":55,"column":28}},"22":{"start":{"line":61,"column":0},"end":{"line":61,"column":21}}},"fnMap":{"0":{"name":"(anonymous_0)","decl":{"start":{"line":4,"column":14},"end":{"line":4,"column":15}},"loc":{"start":{"line":4,"column":31},"end":{"line":59,"column":1}}},"1":{"name":"(anonymous_1)","decl":{"start":{"line":7,"column":8},"end":{"line":7,"column":13}},"loc":{"start":{"line":7,"column":33},"end":{"line":13,"column":9}}},"2":{"name":"(anonymous_2)","decl":{"start":{"line":18,"column":8},"end":{"line":18,"column":13}},"loc":{"start":{"line":18,"column":33},"end":{"line":24,"column":9}}},"3":{"name":"(anonymous_3)","decl":{"start":{"line":29,"column":8},"end":{"line":29,"column":13}},"loc":{"start":{"line":29,"column":33},"end":{"line":35,"column":9}}},"4":{"name":"(anonymous_4)","decl":{"start":{"line":40,"column":8},"end":{"line":40,"column":13}},"loc":{"start":{"line":40,"column":33},"end":{"line":46,"column":9}}},"5":{"name":"(anonymous_5)","decl":{"start":{"line":51,"column":8},"end":{"line":51,"column":13}},"loc":{"start":{"line":51,"column":33},"end":{"line":57,"column":9}}}},"branchMap":{},"s":{"0":6,"1":6,"2":6,"3":3,"4":3,"5":0,"6":6,"7":1,"8":1,"9":0,"10":6,"11":2,"12":2,"13":0,"14":6,"15":1,"16":1,"17":0,"18":6,"19":2,"20":2,"21":0,"22":6},"f":{"0":6,"1":3,"2":1,"3":2,"4":1,"5":2},"b":{}}
,"C:\\Users\\Admin\\Desktop\\Teach2Give Assignments\\Final Cohort Project\\ET-VB-MS-Backend\\src\\Venue\\venue.service.ts": {"path":"C:\\Users\\Admin\\Desktop\\Teach2Give Assignments\\Final Cohort Project\\ET-VB-MS-Backend\\src\\Venue\\venue.service.ts","statementMap":{"0":{"start":{"line":1,"column":0},"end":{"line":1,"column":31}},"1":{"start":{"line":2,"column":0},"end":{"line":2,"column":56}},"2":{"start":{"line":3,"column":0},"end":{"line":3,"column":33}},"3":{"start":{"line":7,"column":34},"end":{"line":13,"column":1}},"4":{"start":{"line":8,"column":21},"end":{"line":8,"column":74}},"5":{"start":{"line":9,"column":4},"end":{"line":11,"column":5}},"6":{"start":{"line":10,"column":8},"end":{"line":10,"column":24}},"7":{"start":{"line":12,"column":4},"end":{"line":12,"column":16}},"8":{"start":{"line":7,"column":13},"end":{"line":7,"column":34}},"9":{"start":{"line":16,"column":35},"end":{"line":22,"column":1}},"10":{"start":{"line":17,"column":19},"end":{"line":17,"column":55}},"11":{"start":{"line":18,"column":4},"end":{"line":20,"column":5}},"12":{"start":{"line":19,"column":8},"end":{"line":19,"column":33}},"13":{"start":{"line":21,"column":4},"end":{"line":21,"column":18}},"14":{"start":{"line":16,"column":13},"end":{"line":16,"column":35}},"15":{"start":{"line":25,"column":35},"end":{"line":30,"column":1}},"16":{"start":{"line":26,"column":16},"end":{"line":28,"column":4}},"17":{"start":{"line":29,"column":2},"end":{"line":29,"column":15}},"18":{"start":{"line":25,"column":13},"end":{"line":25,"column":35}},"19":{"start":{"line":35,"column":38},"end":{"line":40,"column":1}},"20":{"start":{"line":36,"column":4},"end":{"line":38,"column":60}},"21":{"start":{"line":39,"column":4},"end":{"line":39,"column":40}},"22":{"start":{"line":35,"column":13},"end":{"line":35,"column":38}},"23":{"start":{"line":43,"column":38},"end":{"line":50,"column":1}},"24":{"start":{"line":44,"column":20},"end":{"line":45,"column":59}},"25":{"start":{"line":46,"column":4},"end":{"line":48,"column":5}},"26":{"start":{"line":47,"column":8},"end":{"line":47,"column":33}},"27":{"start":{"line":49,"column":4},"end":{"line":49,"column":40}},"28":{"start":{"line":43,"column":13},"end":{"line":43,"column":38}}},"fnMap":{"0":{"name":"(anonymous_1)","decl":{"start":{"line":7,"column":34},"end":{"line":7,"column":39}},"loc":{"start":{"line":7,"column":59},"end":{"line":13,"column":1}}},"1":{"name":"(anonymous_2)","decl":{"start":{"line":16,"column":35},"end":{"line":16,"column":40}},"loc":{"start":{"line":16,"column":46},"end":{"line":22,"column":1}}},"2":{"name":"(anonymous_3)","decl":{"start":{"line":25,"column":35},"end":{"line":25,"column":40}},"loc":{"start":{"line":25,"column":61},"end":{"line":30,"column":1}}},"3":{"name":"(anonymous_4)","decl":{"start":{"line":35,"column":38},"end":{"line":35,"column":43}},"loc":{"start":{"line":35,"column":80},"end":{"line":40,"column":1}}},"4":{"name":"(anonymous_5)","decl":{"start":{"line":43,"column":38},"end":{"line":43,"column":43}},"loc":{"start":{"line":43,"column":64},"end":{"line":50,"column":1}}}},"branchMap":{"0":{"loc":{"start":{"line":9,"column":4},"end":{"line":11,"column":5}},"type":"if","locations":[{"start":{"line":9,"column":4},"end":{"line":11,"column":5}},{"start":{},"end":{}}]},"1":{"loc":{"start":{"line":18,"column":4},"end":{"line":20,"column":5}},"type":"if","locations":[{"start":{"line":18,"column":4},"end":{"line":20,"column":5}},{"start":{},"end":{}}]},"2":{"loc":{"start":{"line":46,"column":4},"end":{"line":48,"column":5}},"type":"if","locations":[{"start":{"line":46,"column":4},"end":{"line":48,"column":5}},{"start":{},"end":{}}]}},"s":{"0":7,"1":7,"2":7,"3":7,"4":4,"5":4,"6":4,"7":0,"8":7,"9":7,"10":3,"11":3,"12":1,"13":2,"14":7,"15":7,"16":6,"17":6,"18":7,"19":7,"20":2,"21":2,"22":7,"23":7,"24":4,"25":4,"26":1,"27":3,"28":7},"f":{"0":4,"1":3,"2":6,"3":2,"4":4},"b":{"0":[4,0],"1":[1,2],"2":[1,3]}}
}
