TN:
SF:src\index.ts
FN:22,(anonymous_1)
FN:26,(anonymous_2)
FNF:2
FNH:1
FNDA:0,(anonymous_1)
FNDA:6,(anonymous_2)
DA:1,6
DA:2,6
DA:3,6
DA:4,6
DA:5,6
DA:6,6
DA:7,6
DA:9,6
DA:12,6
DA:15,6
DA:16,6
DA:17,6
DA:18,6
DA:19,6
DA:20,6
DA:22,6
DA:23,0
DA:26,6
DA:27,6
DA:30,6
LF:20
LH:19
BRF:0
BRH:0
end_of_record
TN:
SF:src\Auth\auth.controller.ts
FN:11,(anonymous_1)
FN:48,(anonymous_2)
FN:85,(anonymous_3)
FN:141,(anonymous_4)
FN:155,(anonymous_5)
FN:170,(anonymous_6)
FN:190,(anonymous_7)
FNF:7
FNH:7
FNDA:1,(anonymous_1)
FNDA:1,(anonymous_2)
FNDA:4,(anonymous_3)
FNDA:1,(anonymous_4)
FNDA:1,(anonymous_5)
FNDA:1,(anonymous_6)
FNDA:1,(anonymous_7)
DA:3,6
DA:4,6
DA:5,6
DA:6,6
DA:7,6
DA:11,6
DA:12,1
DA:13,1
DA:14,1
DA:15,1
DA:16,1
DA:19,1
DA:20,1
DA:21,1
DA:23,1
DA:24,1
DA:26,1
DA:27,1
DA:37,0
DA:39,1
DA:42,0
DA:48,6
DA:49,1
DA:50,1
DA:51,1
DA:52,1
DA:53,0
DA:56,1
DA:57,1
DA:60,1
DA:61,1
DA:72,0
DA:74,1
DA:76,0
DA:79,0
DA:85,6
DA:86,4
DA:87,4
DA:90,4
DA:91,4
DA:92,0
DA:94,4
DA:95,0
DA:99,4
DA:100,4
DA:101,0
DA:105,4
DA:115,4
DA:116,4
DA:117,0
DA:119,4
DA:122,4
DA:134,0
DA:141,6
DA:142,1
DA:143,1
DA:144,1
DA:145,0
DA:147,1
DA:149,0
DA:155,6
DA:156,1
DA:157,1
DA:158,1
DA:159,1
DA:160,0
DA:162,1
DA:164,0
DA:170,6
DA:171,1
DA:172,1
DA:173,1
DA:175,1
DA:176,1
DA:177,0
DA:181,1
DA:182,1
DA:184,0
DA:190,6
DA:191,1
DA:192,1
DA:193,1
DA:194,1
DA:195,0
DA:197,1
DA:198,1
DA:200,0
LF:87
LH:68
BRDA:24,0,0,0
BRDA:24,0,1,1
BRDA:52,1,0,0
BRDA:52,1,1,1
BRDA:56,2,0,1
BRDA:56,2,1,0
BRDA:91,3,0,0
BRDA:91,3,1,4
BRDA:94,4,0,0
BRDA:94,4,1,4
BRDA:100,5,0,0
BRDA:100,5,1,4
BRDA:116,6,0,0
BRDA:116,6,1,4
BRDA:144,7,0,0
BRDA:144,7,1,1
BRDA:159,8,0,0
BRDA:159,8,1,1
BRDA:176,9,0,0
BRDA:176,9,1,1
BRDA:194,10,0,0
BRDA:194,10,1,1
BRF:22
BRH:11
end_of_record
TN:
SF:src\Auth\auth.router.ts
FN:5,(anonymous_0)
FN:8,(anonymous_1)
FN:20,(anonymous_2)
FN:31,(anonymous_3)
FN:42,(anonymous_4)
FN:53,(anonymous_5)
FN:64,(anonymous_6)
FN:74,(anonymous_7)
FNF:8
FNH:8
FNDA:6,(anonymous_0)
FNDA:1,(anonymous_1)
FNDA:1,(anonymous_2)
FNDA:4,(anonymous_3)
FNDA:1,(anonymous_4)
FNDA:1,(anonymous_5)
FNDA:1,(anonymous_6)
FNDA:1,(anonymous_7)
DA:3,6
DA:5,6
DA:7,6
DA:9,1
DA:10,1
DA:12,0
DA:19,6
DA:21,1
DA:22,1
DA:24,0
DA:30,6
DA:32,4
DA:33,4
DA:35,0
DA:41,6
DA:43,1
DA:44,1
DA:46,0
DA:52,6
DA:54,1
DA:55,1
DA:57,0
DA:63,6
DA:65,1
DA:66,1
DA:68,0
DA:73,6
DA:75,1
DA:76,1
DA:78,0
DA:84,6
LF:31
LH:24
BRF:0
BRH:0
end_of_record
TN:
SF:src\Auth\auth.service.ts
FN:7,(anonymous_1)
FN:13,(anonymous_2)
FN:20,(anonymous_3)
FN:27,(anonymous_4)
FN:46,(anonymous_5)
FN:62,(anonymous_6)
FN:70,(anonymous_7)
FN:82,(anonymous_8)
FNF:8
FNH:8
FNDA:2,(anonymous_1)
FNDA:2,(anonymous_2)
FNDA:2,(anonymous_3)
FNDA:5,(anonymous_4)
FNDA:2,(anonymous_5)
FNDA:4,(anonymous_6)
FNDA:2,(anonymous_7)
FNDA:2,(anonymous_8)
DA:2,7
DA:3,7
DA:4,7
DA:7,7
DA:8,2
DA:9,2
DA:13,7
DA:14,2
DA:20,7
DA:21,2
DA:27,7
DA:29,5
DA:31,5
DA:46,7
DA:47,2
DA:58,2
DA:62,7
DA:63,4
DA:66,4
DA:70,7
DA:71,2
DA:72,2
DA:77,2
DA:78,2
DA:82,7
DA:83,2
DA:85,2
LF:27
LH:27
BRF:0
BRH:0
end_of_record
TN:
SF:src\Booking\booking.controller.ts
FN:6,(anonymous_0)
FN:33,(anonymous_1)
FN:48,(anonymous_2)
FN:69,(anonymous_3)
FN:99,(anonymous_4)
FNF:5
FNH:5
FNDA:2,(anonymous_0)
FNDA:1,(anonymous_1)
FNDA:1,(anonymous_2)
FNDA:1,(anonymous_3)
FNDA:1,(anonymous_4)
DA:2,6
DA:6,6
DA:7,2
DA:8,2
DA:9,2
DA:11,2
DA:13,2
DA:14,2
DA:15,2
DA:20,0
DA:23,0
DA:24,0
DA:33,6
DA:34,1
DA:35,1
DA:37,1
DA:38,0
DA:41,1
DA:43,0
DA:48,6
DA:49,1
DA:50,1
DA:51,1
DA:52,1
DA:53,0
DA:55,1
DA:57,1
DA:58,1
DA:59,0
DA:62,1
DA:64,0
DA:69,6
DA:70,1
DA:71,1
DA:72,1
DA:73,0
DA:76,1
DA:77,1
DA:80,1
DA:81,1
DA:82,0
DA:86,1
DA:87,1
DA:88,1
DA:90,0
DA:93,0
DA:94,0
DA:99,6
DA:100,1
DA:101,1
DA:102,1
DA:103,0
DA:106,1
DA:107,1
DA:108,0
DA:111,1
DA:112,1
DA:113,0
DA:116,1
DA:118,0
DA:119,0
LF:61
LH:43
BRDA:14,0,0,2
BRDA:14,0,1,0
BRDA:14,1,0,2
BRDA:14,1,1,2
BRDA:37,2,0,0
BRDA:37,2,1,1
BRDA:52,3,0,0
BRDA:52,3,1,1
BRDA:58,4,0,0
BRDA:58,4,1,1
BRDA:72,5,0,0
BRDA:72,5,1,1
BRDA:81,6,0,0
BRDA:81,6,1,1
BRDA:87,7,0,1
BRDA:87,7,1,0
BRDA:102,8,0,0
BRDA:102,8,1,1
BRDA:107,9,0,0
BRDA:107,9,1,1
BRDA:112,10,0,0
BRDA:112,10,1,1
BRF:22
BRH:12
end_of_record
TN:
SF:src\Booking\booking.router.ts
FN:4,(anonymous_0)
FN:6,(anonymous_1)
FN:20,(anonymous_2)
FN:33,(anonymous_3)
FN:47,(anonymous_4)
FN:60,(anonymous_5)
FNF:6
FNH:6
FNDA:6,(anonymous_0)
FNDA:2,(anonymous_1)
FNDA:1,(anonymous_2)
FNDA:1,(anonymous_3)
FNDA:1,(anonymous_4)
FNDA:1,(anonymous_5)
DA:2,6
DA:4,6
DA:5,6
DA:7,2
DA:8,2
DA:10,0
DA:18,6
DA:21,1
DA:22,1
DA:24,0
DA:31,6
DA:34,1
DA:35,1
DA:37,0
DA:45,6
DA:48,1
DA:49,1
DA:51,0
DA:58,6
DA:61,1
DA:62,1
DA:64,0
DA:71,6
LF:23
LH:18
BRF:0
BRH:0
end_of_record
TN:
SF:src\Booking\booking.service.ts
FN:6,(anonymous_1)
FN:15,(anonymous_2)
FN:28,(anonymous_3)
FN:42,(anonymous_4)
FN:50,(anonymous_5)
FNF:5
FNH:5
FNDA:3,(anonymous_1)
FNDA:3,(anonymous_2)
FNDA:4,(anonymous_3)
FNDA:2,(anonymous_4)
FNDA:3,(anonymous_5)
DA:1,7
DA:2,7
DA:3,7
DA:6,7
DA:7,3
DA:8,3
DA:9,3
DA:11,0
DA:15,7
DA:16,3
DA:22,3
DA:23,1
DA:25,2
DA:28,7
DA:29,4
DA:37,4
DA:42,7
DA:43,2
DA:46,2
DA:50,7
DA:51,3
DA:53,3
DA:54,1
DA:56,2
LF:24
LH:23
BRDA:8,0,0,3
BRDA:8,0,1,0
BRDA:22,1,0,1
BRDA:22,1,1,2
BRDA:37,2,0,4
BRDA:37,2,1,0
BRDA:53,3,0,1
BRDA:53,3,1,2
BRF:8
BRH:6
end_of_record
TN:
SF:src\Drizzle\db.ts
FN:11,(anonymous_9)
FN:14,(anonymous_10)
FN:16,(anonymous_11)
FNF:3
FNH:2
FNDA:6,(anonymous_9)
FNDA:6,(anonymous_10)
FNDA:0,(anonymous_11)
DA:1,6
DA:3,6
DA:4,6
DA:5,6
DA:7,6
DA:11,6
DA:12,6
DA:14,6
DA:15,6
DA:17,0
DA:20,6
DA:22,6
LF:12
LH:11
BRF:0
BRH:0
end_of_record
TN:
SF:src\Drizzle\migrate.ts
FN:6,migration
FN:14,(anonymous_10)
FNF:2
FNH:0
FNDA:0,migration
FNDA:0,(anonymous_10)
DA:1,0
DA:2,0
DA:3,0
DA:7,0
DA:8,0
DA:9,0
DA:10,0
DA:11,0
DA:14,0
DA:15,0
DA:16,0
LF:11
LH:0
BRF:0
BRH:0
end_of_record
TN:
SF:src\Drizzle\schema.ts
FN:29,(anonymous_0)
FN:32,(anonymous_1)
FN:45,(anonymous_2)
FN:48,(anonymous_3)
FN:62,(anonymous_4)
FN:87,(anonymous_5)
FN:106,(anonymous_6)
FN:113,(anonymous_7)
FN:125,(anonymous_8)
FN:137,(anonymous_9)
FN:146,(anonymous_10)
FNF:11
FNH:5
FNDA:0,(anonymous_0)
FNDA:0,(anonymous_1)
FNDA:0,(anonymous_2)
FNDA:0,(anonymous_3)
FNDA:0,(anonymous_4)
FNDA:0,(anonymous_5)
FNDA:6,(anonymous_6)
FNDA:6,(anonymous_7)
FNDA:6,(anonymous_8)
FNDA:6,(anonymous_9)
FNDA:6,(anonymous_10)
DA:1,12
DA:2,12
DA:3,12
DA:4,12
DA:5,12
DA:6,12
DA:9,12
DA:25,12
DA:29,0
DA:32,0
DA:41,12
DA:45,0
DA:48,0
DA:58,12
DA:62,0
DA:71,12
DA:81,12
DA:87,0
DA:106,12
DA:113,12
DA:125,12
DA:137,12
DA:146,12
LF:23
LH:17
BRF:0
BRH:0
end_of_record
TN:
SF:src\Drizzle\seed.ts
FN:4,seed
FN:186,(anonymous_2)
FNF:2
FNH:0
FNDA:0,seed
FNDA:0,(anonymous_2)
DA:1,0
DA:2,0
DA:5,0
DA:8,0
DA:112,0
DA:126,0
DA:141,0
DA:155,0
DA:169,0
DA:182,0
DA:183,0
DA:186,0
DA:187,0
DA:188,0
LF:14
LH:0
BRF:0
BRH:0
end_of_record
TN:
SF:src\Event\event.controller.ts
FN:5,(anonymous_0)
FN:24,(anonymous_1)
FN:36,(anonymous_2)
FN:58,(anonymous_3)
FN:89,(anonymous_4)
FNF:5
FNH:5
FNDA:2,(anonymous_0)
FNDA:2,(anonymous_1)
FNDA:2,(anonymous_2)
FNDA:1,(anonymous_3)
FNDA:1,(anonymous_4)
DA:2,6
DA:5,6
DA:6,2
DA:7,2
DA:8,2
DA:10,2
DA:11,2
DA:12,2
DA:13,2
DA:15,0
DA:18,0
DA:19,0
DA:24,6
DA:25,2
DA:26,2
DA:27,2
DA:28,2
DA:30,0
DA:31,0
DA:36,6
DA:37,2
DA:38,2
DA:39,2
DA:40,2
DA:41,0
DA:44,2
DA:45,2
DA:47,2
DA:48,1
DA:50,1
DA:52,0
DA:53,0
DA:58,6
DA:59,1
DA:60,1
DA:61,1
DA:62,0
DA:65,1
DA:66,1
DA:69,1
DA:70,1
DA:71,0
DA:75,1
DA:76,1
DA:77,1
DA:79,0
DA:82,0
DA:83,0
DA:89,6
DA:90,1
DA:91,1
DA:92,1
DA:93,0
DA:96,1
DA:97,1
DA:98,0
DA:101,1
DA:102,1
DA:103,1
DA:105,0
DA:108,0
DA:109,0
LF:62
LH:44
BRDA:12,0,0,2
BRDA:12,0,1,0
BRDA:40,1,0,0
BRDA:40,1,1,2
BRDA:47,2,0,1
BRDA:47,2,1,1
BRDA:61,3,0,0
BRDA:61,3,1,1
BRDA:70,4,0,0
BRDA:70,4,1,1
BRDA:76,5,0,1
BRDA:76,5,1,0
BRDA:92,6,0,0
BRDA:92,6,1,1
BRDA:97,7,0,0
BRDA:97,7,1,1
BRDA:102,8,0,1
BRDA:102,8,1,0
BRF:18
BRH:10
end_of_record
TN:
SF:src\Event\event.router.ts
FN:5,(anonymous_0)
FN:8,(anonymous_1)
FN:19,(anonymous_2)
FN:30,(anonymous_3)
FN:41,(anonymous_4)
FN:52,(anonymous_5)
FN:63,(anonymous_6)
FNF:7
FNH:6
FNDA:6,(anonymous_0)
FNDA:2,(anonymous_1)
FNDA:0,(anonymous_2)
FNDA:2,(anonymous_3)
FNDA:2,(anonymous_4)
FNDA:1,(anonymous_5)
FNDA:1,(anonymous_6)
DA:2,6
DA:5,6
DA:7,6
DA:9,2
DA:10,2
DA:12,0
DA:18,6
DA:20,0
DA:21,0
DA:23,0
DA:29,6
DA:31,2
DA:32,2
DA:34,0
DA:40,6
DA:42,2
DA:43,2
DA:45,0
DA:51,6
DA:53,1
DA:54,1
DA:56,0
DA:62,6
DA:64,1
DA:65,1
DA:67,0
DA:73,6
LF:27
LH:19
BRF:0
BRH:0
end_of_record
TN:
SF:src\Event\event.service.ts
FN:7,(anonymous_1)
FN:16,(anonymous_2)
FN:22,(anonymous_3)
FN:35,(anonymous_4)
FN:45,(anonymous_5)
FNF:5
FNH:5
FNDA:3,(anonymous_1)
FNDA:3,(anonymous_2)
FNDA:5,(anonymous_3)
FNDA:2,(anonymous_4)
FNDA:3,(anonymous_5)
DA:1,7
DA:2,7
DA:3,7
DA:7,7
DA:8,3
DA:9,3
DA:10,3
DA:12,0
DA:16,7
DA:17,3
DA:18,3
DA:22,7
DA:23,5
DA:30,5
DA:35,7
DA:36,2
DA:41,2
DA:45,7
DA:46,3
DA:48,3
DA:49,1
DA:51,2
LF:22
LH:21
BRDA:9,0,0,3
BRDA:9,0,1,0
BRDA:30,1,0,5
BRDA:30,1,1,1
BRDA:48,2,0,1
BRDA:48,2,1,2
BRF:6
BRH:5
end_of_record
TN:
SF:src\Payment\payment.controller.ts
FN:5,(anonymous_0)
FN:26,(anonymous_1)
FN:40,(anonymous_2)
FN:62,(anonymous_3)
FN:93,(anonymous_4)
FNF:5
FNH:5
FNDA:1,(anonymous_0)
FNDA:1,(anonymous_1)
FNDA:2,(anonymous_2)
FNDA:1,(anonymous_3)
FNDA:1,(anonymous_4)
DA:2,6
DA:5,6
DA:6,1
DA:7,1
DA:8,1
DA:10,1
DA:12,1
DA:13,1
DA:14,1
DA:16,0
DA:19,0
DA:20,0
DA:26,6
DA:27,1
DA:28,1
DA:29,1
DA:31,1
DA:33,0
DA:34,0
DA:40,6
DA:41,2
DA:42,2
DA:43,2
DA:44,2
DA:45,0
DA:48,2
DA:49,2
DA:51,2
DA:52,1
DA:54,1
DA:56,0
DA:57,0
DA:62,6
DA:63,1
DA:64,1
DA:65,1
DA:66,0
DA:69,1
DA:70,1
DA:73,1
DA:74,1
DA:75,0
DA:79,1
DA:80,1
DA:81,1
DA:83,0
DA:86,0
DA:87,0
DA:93,6
DA:94,1
DA:95,1
DA:96,1
DA:97,0
DA:100,1
DA:101,1
DA:102,0
DA:105,1
DA:106,1
DA:107,1
DA:109,0
DA:112,0
DA:113,0
LF:62
LH:44
BRDA:13,0,0,1
BRDA:13,0,1,0
BRDA:44,1,0,0
BRDA:44,1,1,2
BRDA:51,2,0,1
BRDA:51,2,1,1
BRDA:65,3,0,0
BRDA:65,3,1,1
BRDA:74,4,0,0
BRDA:74,4,1,1
BRDA:80,5,0,1
BRDA:80,5,1,0
BRDA:96,6,0,0
BRDA:96,6,1,1
BRDA:101,7,0,0
BRDA:101,7,1,1
BRDA:106,8,0,1
BRDA:106,8,1,0
BRF:18
BRH:10
end_of_record
TN:
SF:src\Payment\payment.router.ts
FN:4,(anonymous_0)
FN:7,(anonymous_1)
FN:18,(anonymous_2)
FN:29,(anonymous_3)
FN:40,(anonymous_4)
FN:51,(anonymous_5)
FNF:6
FNH:6
FNDA:6,(anonymous_0)
FNDA:1,(anonymous_1)
FNDA:1,(anonymous_2)
FNDA:2,(anonymous_3)
FNDA:1,(anonymous_4)
FNDA:1,(anonymous_5)
DA:2,6
DA:4,6
DA:6,6
DA:8,1
DA:9,1
DA:11,0
DA:17,6
DA:19,1
DA:20,1
DA:22,0
DA:28,6
DA:30,2
DA:31,2
DA:33,0
DA:39,6
DA:41,1
DA:42,1
DA:44,0
DA:50,6
DA:52,1
DA:53,1
DA:55,0
DA:61,6
LF:23
LH:18
BRF:0
BRH:0
end_of_record
TN:
SF:src\Payment\payment.service.ts
FN:7,(anonymous_1)
FN:16,(anonymous_2)
FN:33,(anonymous_3)
FN:46,(anonymous_4)
FN:58,(anonymous_5)
FNF:5
FNH:5
FNDA:2,(anonymous_1)
FNDA:3,(anonymous_2)
FNDA:5,(anonymous_3)
FNDA:2,(anonymous_4)
FNDA:3,(anonymous_5)
DA:1,7
DA:2,7
DA:3,7
DA:7,7
DA:8,2
DA:9,2
DA:10,2
DA:12,0
DA:16,7
DA:17,3
DA:24,3
DA:25,1
DA:28,2
DA:33,7
DA:34,5
DA:42,5
DA:46,7
DA:47,2
DA:53,2
DA:58,7
DA:59,3
DA:61,3
DA:62,1
DA:64,2
LF:24
LH:23
BRDA:9,0,0,2
BRDA:9,0,1,0
BRDA:24,1,0,1
BRDA:24,1,1,2
BRDA:42,2,0,5
BRDA:42,2,1,1
BRDA:61,3,0,1
BRDA:61,3,1,2
BRF:8
BRH:7
end_of_record
TN:
SF:src\Support\support.controller.ts
FN:5,(anonymous_0)
FN:25,(anonymous_1)
FN:40,(anonymous_2)
FN:59,(anonymous_3)
FN:89,(anonymous_4)
FNF:5
FNH:5
FNDA:1,(anonymous_0)
FNDA:1,(anonymous_1)
FNDA:2,(anonymous_2)
FNDA:1,(anonymous_3)
FNDA:1,(anonymous_4)
DA:2,6
DA:5,6
DA:6,1
DA:7,1
DA:8,1
DA:10,1
DA:12,1
DA:13,1
DA:14,1
DA:16,0
DA:19,0
DA:20,0
DA:25,6
DA:26,1
DA:27,1
DA:29,1
DA:30,0
DA:32,1
DA:34,0
DA:35,0
DA:40,6
DA:41,2
DA:42,2
DA:43,2
DA:44,0
DA:46,2
DA:48,2
DA:49,1
DA:51,1
DA:53,0
DA:54,0
DA:59,6
DA:60,1
DA:61,1
DA:62,1
DA:63,0
DA:66,1
DA:67,1
DA:70,1
DA:71,1
DA:72,0
DA:76,1
DA:77,1
DA:78,1
DA:80,0
DA:83,0
DA:84,0
DA:89,6
DA:90,1
DA:91,1
DA:92,1
DA:93,0
DA:96,1
DA:97,1
DA:98,0
DA:101,1
DA:102,1
DA:103,0
DA:104,0
DA:106,1
DA:108,0
DA:109,0
LF:62
LH:42
BRDA:13,0,0,1
BRDA:13,0,1,0
BRDA:29,1,0,0
BRDA:29,1,1,1
BRDA:43,2,0,0
BRDA:43,2,1,2
BRDA:48,3,0,1
BRDA:48,3,1,1
BRDA:62,4,0,0
BRDA:62,4,1,1
BRDA:71,5,0,0
BRDA:71,5,1,1
BRDA:77,6,0,1
BRDA:77,6,1,0
BRDA:92,7,0,0
BRDA:92,7,1,1
BRDA:97,8,0,0
BRDA:97,8,1,1
BRDA:102,9,0,0
BRDA:102,9,1,1
BRF:20
BRH:11
end_of_record
TN:
SF:src\Support\support.router.ts
FN:4,(anonymous_0)
FN:7,(anonymous_1)
FN:18,(anonymous_2)
FN:29,(anonymous_3)
FN:40,(anonymous_4)
FN:51,(anonymous_5)
FNF:6
FNH:6
FNDA:6,(anonymous_0)
FNDA:1,(anonymous_1)
FNDA:1,(anonymous_2)
FNDA:2,(anonymous_3)
FNDA:1,(anonymous_4)
FNDA:1,(anonymous_5)
DA:2,6
DA:4,6
DA:6,6
DA:8,1
DA:9,1
DA:11,0
DA:17,6
DA:19,1
DA:20,1
DA:22,0
DA:28,6
DA:30,2
DA:31,2
DA:33,0
DA:39,6
DA:41,1
DA:42,1
DA:44,0
DA:50,6
DA:52,1
DA:53,1
DA:55,0
DA:61,6
LF:23
LH:18
BRF:0
BRH:0
end_of_record
TN:
SF:src\Support\support.service.ts
FN:6,(anonymous_1)
FN:15,(anonymous_2)
FN:29,(anonymous_3)
FN:40,(anonymous_4)
FN:52,(anonymous_5)
FNF:5
FNH:5
FNDA:2,(anonymous_1)
FNDA:3,(anonymous_2)
FNDA:5,(anonymous_3)
FNDA:2,(anonymous_4)
FNDA:3,(anonymous_5)
DA:1,7
DA:2,7
DA:3,7
DA:6,7
DA:7,2
DA:8,2
DA:9,2
DA:11,0
DA:15,7
DA:16,3
DA:22,3
DA:23,1
DA:25,2
DA:29,7
DA:30,5
DA:36,5
DA:40,7
DA:41,2
DA:46,2
DA:52,7
DA:53,3
DA:55,3
DA:56,1
DA:58,2
LF:24
LH:23
BRDA:8,0,0,2
BRDA:8,0,1,0
BRDA:22,1,0,1
BRDA:22,1,1,2
BRDA:36,2,0,5
BRDA:36,2,1,1
BRDA:55,3,0,1
BRDA:55,3,1,2
BRF:8
BRH:7
end_of_record
TN:
SF:src\Utils\mailer.ts
FN:3,(anonymous_1)
FNF:1
FNH:1
FNDA:2,(anonymous_1)
DA:1,6
DA:3,6
DA:9,2
DA:10,2
DA:21,2
DA:29,2
DA:30,2
DA:32,2
DA:33,2
DA:34,0
DA:35,0
DA:37,0
DA:40,0
LF:13
LH:9
BRDA:32,0,0,2
BRDA:32,0,1,0
BRDA:34,1,0,0
BRDA:34,1,1,0
BRF:4
BRH:1
end_of_record
TN:
SF:src\Venue\venue.controller.ts
FN:5,(anonymous_0)
FN:23,(anonymous_1)
FN:38,(anonymous_2)
FN:57,(anonymous_3)
FN:85,(anonymous_4)
FNF:5
FNH:5
FNDA:3,(anonymous_0)
FNDA:1,(anonymous_1)
FNDA:2,(anonymous_2)
FNDA:1,(anonymous_3)
FNDA:2,(anonymous_4)
DA:2,6
DA:5,6
DA:6,3
DA:7,3
DA:8,3
DA:10,3
DA:11,3
DA:12,3
DA:13,3
DA:15,0
DA:17,0
DA:18,0
DA:23,6
DA:24,1
DA:25,1
DA:27,1
DA:28,0
DA:30,1
DA:32,0
DA:33,0
DA:38,6
DA:39,2
DA:40,2
DA:41,2
DA:42,0
DA:44,2
DA:46,2
DA:47,1
DA:49,1
DA:51,0
DA:52,0
DA:57,6
DA:58,1
DA:59,1
DA:60,1
DA:61,0
DA:63,1
DA:64,1
DA:67,1
DA:68,1
DA:69,0
DA:72,1
DA:73,1
DA:74,1
DA:76,0
DA:79,0
DA:80,0
DA:85,6
DA:86,2
DA:87,2
DA:88,2
DA:89,0
DA:92,2
DA:93,2
DA:94,0
DA:97,2
DA:98,2
DA:99,0
DA:101,2
DA:103,0
DA:104,0
LF:61
LH:42
BRDA:12,0,0,3
BRDA:12,0,1,0
BRDA:27,1,0,0
BRDA:27,1,1,1
BRDA:41,2,0,0
BRDA:41,2,1,2
BRDA:46,3,0,1
BRDA:46,3,1,1
BRDA:60,4,0,0
BRDA:60,4,1,1
BRDA:68,5,0,0
BRDA:68,5,1,1
BRDA:73,6,0,1
BRDA:73,6,1,0
BRDA:88,7,0,0
BRDA:88,7,1,2
BRDA:93,8,0,0
BRDA:93,8,1,2
BRDA:98,9,0,0
BRDA:98,9,1,2
BRF:20
BRH:11
end_of_record
TN:
SF:src\Venue\venue.router.ts
FN:4,(anonymous_0)
FN:7,(anonymous_1)
FN:18,(anonymous_2)
FN:29,(anonymous_3)
FN:40,(anonymous_4)
FN:51,(anonymous_5)
FNF:6
FNH:6
FNDA:6,(anonymous_0)
FNDA:3,(anonymous_1)
FNDA:1,(anonymous_2)
FNDA:2,(anonymous_3)
FNDA:1,(anonymous_4)
FNDA:2,(anonymous_5)
DA:2,6
DA:4,6
DA:6,6
DA:8,3
DA:9,3
DA:11,0
DA:17,6
DA:19,1
DA:20,1
DA:22,0
DA:28,6
DA:30,2
DA:31,2
DA:33,0
DA:39,6
DA:41,1
DA:42,1
DA:44,0
DA:50,6
DA:52,2
DA:53,2
DA:55,0
DA:61,6
LF:23
LH:18
BRF:0
BRH:0
end_of_record
TN:
SF:src\Venue\venue.service.ts
FN:7,(anonymous_1)
FN:16,(anonymous_2)
FN:25,(anonymous_3)
FN:35,(anonymous_4)
FN:43,(anonymous_5)
FNF:5
FNH:5
FNDA:4,(anonymous_1)
FNDA:3,(anonymous_2)
FNDA:6,(anonymous_3)
FNDA:2,(anonymous_4)
FNDA:4,(anonymous_5)
DA:1,7
DA:2,7
DA:3,7
DA:7,7
DA:8,4
DA:9,4
DA:10,4
DA:12,0
DA:16,7
DA:17,3
DA:18,3
DA:19,1
DA:21,2
DA:25,7
DA:26,6
DA:29,6
DA:35,7
DA:36,2
DA:39,2
DA:43,7
DA:44,4
DA:46,4
DA:47,1
DA:49,3
LF:24
LH:23
BRDA:9,0,0,4
BRDA:9,0,1,0
BRDA:18,1,0,1
BRDA:18,1,1,2
BRDA:46,2,0,1
BRDA:46,2,1,3
BRF:6
BRH:5
end_of_record
